# JRE version: OpenJDK Runtime Environment (8.0_242-b01) (build 1.8.0_242-release-1644-b01)
# Java VM: OpenJDK 64-Bit Server VM (25.242-b01 mixed mode windows-amd64 compressed oops)
Heap:
 PSYoungGen      total 55808K, used 42807K [0x00000000d5580000, 0x00000000d9700000, 0x0000000100000000)
  eden space 45568K, 82% used [0x00000000d5580000,0x00000000d7a39918,0x00000000d8200000)
  from space 10240K, 50% used [0x00000000d8d00000,0x00000000d92145b8,0x00000000d9700000)
  to   space 10752K, 0% used [0x00000000d8200000,0x00000000d8200000,0x00000000d8c80000)
 ParOldGen       total 64512K, used 9138K [0x0000000080000000, 0x0000000083f00000, 0x00000000d5580000)
  object space 64512K, 14% used [0x0000000080000000,0x00000000808ecbb0,0x0000000083f00000)
 Metaspace       used 31432K, capacity 32476K, committed 32768K, reserved 1077248K
  class space    used 4241K, capacity 4513K, committed 4608K, reserved 1048576K
GC Heap History (10 events):
Event: 5.134 GC heap before
{Heap before GC invocations=5 (full 0):
 PSYoungGen      total 38400K, used 38399K [0x00000000d5580000, 0x00000000d8000000, 0x0000000100000000)
  eden space 33280K, 100% used [0x00000000d5580000,0x00000000d7600000,0x00000000d7600000)
  from space 5120K, 99% used [0x00000000d7b00000,0x00000000d7fffc30,0x00000000d8000000)
  to   space 5120K, 0% used [0x00000000d7600000,0x00000000d7600000,0x00000000d7b00000)
 ParOldGen       total 87552K, used 3871K [0x0000000080000000, 0x0000000085580000, 0x00000000d5580000)
  object space 87552K, 4% used [0x0000000080000000,0x00000000803c7c20,0x0000000085580000)
 Metaspace       used 17669K, capacity 18310K, committed 18560K, reserved 1064960K
  class space    used 2425K, capacity 2639K, committed 2688K, reserved 1048576K
Event: 5.143 GC heap after
Heap after GC invocations=5 (full 0):
 PSYoungGen      total 37888K, used 5104K [0x00000000d5580000, 0x00000000d8980000, 0x0000000100000000)
  eden space 32768K, 0% used [0x00000000d5580000,0x00000000d5580000,0x00000000d7580000)
  from space 5120K, 99% used [0x00000000d7600000,0x00000000d7afc030,0x00000000d7b00000)
  to   space 10240K, 0% used [0x00000000d7f80000,0x00000000d7f80000,0x00000000d8980000)
 ParOldGen       total 87552K, used 6823K [0x0000000080000000, 0x0000000085580000, 0x00000000d5580000)
  object space 87552K, 7% used [0x0000000080000000,0x00000000806a9d30,0x0000000085580000)
 Metaspace       used 17669K, capacity 18310K, committed 18560K, reserved 1064960K
  class space    used 2425K, capacity 2639K, committed 2688K, reserved 1048576K
}
Event: 6.093 GC heap before
{Heap before GC invocations=6 (full 0):
 PSYoungGen      total 37888K, used 35527K [0x00000000d5580000, 0x00000000d8980000, 0x0000000100000000)
  eden space 32768K, 92% used [0x00000000d5580000,0x00000000d7335c78,0x00000000d7580000)
  from space 5120K, 99% used [0x00000000d7600000,0x00000000d7afc030,0x00000000d7b00000)
  to   space 10240K, 0% used [0x00000000d7f80000,0x00000000d7f80000,0x00000000d8980000)
 ParOldGen       total 87552K, used 6823K [0x0000000080000000, 0x0000000085580000, 0x00000000d5580000)
  object space 87552K, 7% used [0x0000000080000000,0x00000000806a9d30,0x0000000085580000)
 Metaspace       used 20466K, capacity 21158K, committed 21248K, reserved 1067008K
  class space    used 2857K, capacity 3037K, committed 3072K, reserved 1048576K
Event: 6.105 GC heap after
Heap after GC invocations=6 (full 0):
 PSYoungGen      total 41984K, used 8653K [0x00000000d5580000, 0x00000000d8b00000, 0x0000000100000000)
  eden space 31744K, 0% used [0x00000000d5580000,0x00000000d5580000,0x00000000d7480000)
  from space 10240K, 84% used [0x00000000d7f80000,0x00000000d87f34b8,0x00000000d8980000)
  to   space 11264K, 0% used [0x00000000d7480000,0x00000000d7480000,0x00000000d7f80000)
 ParOldGen       total 87552K, used 6831K [0x0000000080000000, 0x0000000085580000, 0x00000000d5580000)
  object space 87552K, 7% used [0x0000000080000000,0x00000000806abd30,0x0000000085580000)
 Metaspace       used 20466K, capacity 21158K, committed 21248K, reserved 1067008K
  class space    used 2857K, capacity 3037K, committed 3072K, reserved 1048576K
}
Event: 6.105 GC heap before
{Heap before GC invocations=7 (full 1):
 PSYoungGen      total 41984K, used 8653K [0x00000000d5580000, 0x00000000d8b00000, 0x0000000100000000)
  eden space 31744K, 0% used [0x00000000d5580000,0x00000000d5580000,0x00000000d7480000)
  from space 10240K, 84% used [0x00000000d7f80000,0x00000000d87f34b8,0x00000000d8980000)
  to   space 11264K, 0% used [0x00000000d7480000,0x00000000d7480000,0x00000000d7f80000)
 ParOldGen       total 87552K, used 6831K [0x0000000080000000, 0x0000000085580000, 0x00000000d5580000)
  object space 87552K, 7% used [0x0000000080000000,0x00000000806abd30,0x0000000085580000)
 Metaspace       used 20466K, capacity 21158K, committed 21248K, reserved 1067008K
  class space    used 2857K, capacity 3037K, committed 3072K, reserved 1048576K
Event: 6.169 GC heap after
Heap after GC invocations=7 (full 1):
 PSYoungGen      total 41984K, used 0K [0x00000000d5580000, 0x00000000d8b00000, 0x0000000100000000)
  eden space 31744K, 0% used [0x00000000d5580000,0x00000000d5580000,0x00000000d7480000)
  from space 10240K, 0% used [0x00000000d7f80000,0x00000000d7f80000,0x00000000d8980000)
  to   space 11264K, 0% used [0x00000000d7480000,0x00000000d7480000,0x00000000d7f80000)
 ParOldGen       total 64512K, used 9130K [0x0000000080000000, 0x0000000083f00000, 0x00000000d5580000)
  object space 64512K, 14% used [0x0000000080000000,0x00000000808eabb0,0x0000000083f00000)
 Metaspace       used 20466K, capacity 21158K, committed 21248K, reserved 1067008K
  class space    used 2857K, capacity 3037K, committed 3072K, reserved 1048576K
}
Event: 7.633 GC heap before
{Heap before GC invocations=8 (full 1):
 PSYoungGen      total 41984K, used 31744K [0x00000000d5580000, 0x00000000d8b00000, 0x0000000100000000)
  eden space 31744K, 100% used [0x00000000d5580000,0x00000000d7480000,0x00000000d7480000)
  from space 10240K, 0% used [0x00000000d7f80000,0x00000000d7f80000,0x00000000d8980000)
  to   space 11264K, 0% used [0x00000000d7480000,0x00000000d7480000,0x00000000d7f80000)
 ParOldGen       total 64512K, used 9130K [0x0000000080000000, 0x0000000083f00000, 0x00000000d5580000)
  object space 64512K, 14% used [0x0000000080000000,0x00000000808eabb0,0x0000000083f00000)
 Metaspace       used 22144K, capacity 23072K, committed 23168K, reserved 1069056K
  class space    used 3137K, capacity 3386K, committed 3456K, reserved 1048576K
Event: 7.637 GC heap after
Heap after GC invocations=8 (full 1):
 PSYoungGen      total 43008K, used 2781K [0x00000000d5580000, 0x00000000d9800000, 0x0000000100000000)
  eden space 31744K, 0% used [0x00000000d5580000,0x00000000d5580000,0x00000000d7480000)
  from space 11264K, 24% used [0x00000000d7480000,0x00000000d77374a0,0x00000000d7f80000)
  to   space 11264K, 0% used [0x00000000d8d00000,0x00000000d8d00000,0x00000000d9800000)
 ParOldGen       total 64512K, used 9130K [0x0000000080000000, 0x0000000083f00000, 0x00000000d5580000)
  object space 64512K, 14% used [0x0000000080000000,0x00000000808eabb0,0x0000000083f00000)
 Metaspace       used 22144K, capacity 23072K, committed 23168K, reserved 1069056K
  class space    used 3137K, capacity 3386K, committed 3456K, reserved 1048576K
}
Event: 9.005 GC heap before
{Heap before GC invocations=9 (full 1):
 PSYoungGen      total 43008K, used 34525K [0x00000000d5580000, 0x00000000d9800000, 0x0000000100000000)
  eden space 31744K, 100% used [0x00000000d5580000,0x00000000d7480000,0x00000000d7480000)
  from space 11264K, 24% used [0x00000000d7480000,0x00000000d77374a0,0x00000000d7f80000)
  to   space 11264K, 0% used [0x00000000d8d00000,0x00000000d8d00000,0x00000000d9800000)
 ParOldGen       total 64512K, used 9130K [0x0000000080000000, 0x0000000083f00000, 0x00000000d5580000)
  object space 64512K, 14% used [0x0000000080000000,0x00000000808eabb0,0x0000000083f00000)
 Metaspace       used 25482K, capacity 26532K, committed 26752K, reserved 1073152K
  class space    used 3652K, capacity 3951K, committed 3968K, reserved 1048576K
Event: 9.017 GC heap after
Heap after GC invocations=9 (full 1):
 PSYoungGen      total 55808K, used 5201K [0x00000000d5580000, 0x00000000d9700000, 0x0000000100000000)
  eden space 45568K, 0% used [0x00000000d5580000,0x00000000d5580000,0x00000000d8200000)
  from space 10240K, 50% used [0x00000000d8d00000,0x00000000d92145b8,0x00000000d9700000)
  to   space 10752K, 0% used [0x00000000d8200000,0x00000000d8200000,0x00000000d8c80000)
 ParOldGen       total 64512K, used 9138K [0x0000000080000000, 0x0000000083f00000, 0x00000000d5580000)
  object space 64512K, 14% used [0x0000000080000000,0x00000000808ecbb0,0x0000000083f00000)
 Metaspace       used 25482K, capacity 26532K, committed 26752K, reserved 1073152K
  class space    used 3652K, capacity 3951K, committed 3968K, reserved 1048576K
}

