# JRE version: OpenJDK Runtime Environment (8.0_242-b01) (build 1.8.0_242-release-1644-b01)
# Java VM: OpenJDK 64-Bit Server VM (25.242-b01 mixed mode windows-amd64 compressed oops)
Heap:
 PSYoungGen      total 276992K, used 81069K [0x00000000d5580000, 0x00000000f0f80000, 0x0000000100000000)
  eden space 261120K, 31% used [0x00000000d5580000,0x00000000da4ab620,0x00000000e5480000)
  from space 15872K, 0% used [0x00000000e5480000,0x00000000e5480000,0x00000000e6400000)
  to   space 14848K, 0% used [0x00000000f0100000,0x00000000f0100000,0x00000000f0f80000)
 ParOldGen       total 53248K, used 14239K [0x0000000080000000, 0x0000000083400000, 0x00000000d5580000)
  object space 53248K, 26% used [0x0000000080000000,0x0000000080de7f48,0x0000000083400000)
 Metaspace       used 37252K, capacity 38894K, committed 39128K, reserved 1083392K
  class space    used 5143K, capacity 5512K, committed 5632K, reserved 1048576K
GC Heap History (10 events):
Event: 6.424 GC heap before
{Heap before GC invocations=5 (full 0):
 PSYoungGen      total 138240K, used 8594K [0x00000000d5580000, 0x00000000de180000, 0x0000000100000000)
  eden space 133120K, 2% used [0x00000000d5580000,0x00000000d58e8920,0x00000000dd780000)
  from space 5120K, 99% used [0x00000000ddc80000,0x00000000de17c040,0x00000000de180000)
  to   space 5120K, 0% used [0x00000000dd780000,0x00000000dd780000,0x00000000ddc80000)
 ParOldGen       total 87552K, used 10939K [0x0000000080000000, 0x0000000085580000, 0x00000000d5580000)
  object space 87552K, 12% used [0x0000000080000000,0x0000000080aaed90,0x0000000085580000)
 Metaspace       used 20489K, capacity 21214K, committed 21248K, reserved 1067008K
  class space    used 2858K, capacity 3039K, committed 3072K, reserved 1048576K
Event: 6.433 GC heap after
Heap after GC invocations=5 (full 0):
 PSYoungGen      total 138240K, used 5104K [0x00000000d5580000, 0x00000000e7380000, 0x0000000100000000)
  eden space 133120K, 0% used [0x00000000d5580000,0x00000000d5580000,0x00000000dd780000)
  from space 5120K, 99% used [0x00000000dd780000,0x00000000ddc7c040,0x00000000ddc80000)
  to   space 13312K, 0% used [0x00000000e6680000,0x00000000e6680000,0x00000000e7380000)
 ParOldGen       total 87552K, used 11019K [0x0000000080000000, 0x0000000085580000, 0x00000000d5580000)
  object space 87552K, 12% used [0x0000000080000000,0x0000000080ac2eb8,0x0000000085580000)
 Metaspace       used 20489K, capacity 21214K, committed 21248K, reserved 1067008K
  class space    used 2858K, capacity 3039K, committed 3072K, reserved 1048576K
}
Event: 6.433 GC heap before
{Heap before GC invocations=6 (full 1):
 PSYoungGen      total 138240K, used 5104K [0x00000000d5580000, 0x00000000e7380000, 0x0000000100000000)
  eden space 133120K, 0% used [0x00000000d5580000,0x00000000d5580000,0x00000000dd780000)
  from space 5120K, 99% used [0x00000000dd780000,0x00000000ddc7c040,0x00000000ddc80000)
  to   space 13312K, 0% used [0x00000000e6680000,0x00000000e6680000,0x00000000e7380000)
 ParOldGen       total 87552K, used 11019K [0x0000000080000000, 0x0000000085580000, 0x00000000d5580000)
  object space 87552K, 12% used [0x0000000080000000,0x0000000080ac2eb8,0x0000000085580000)
 Metaspace       used 20489K, capacity 21214K, committed 21248K, reserved 1067008K
  class space    used 2858K, capacity 3039K, committed 3072K, reserved 1048576K
Event: 6.529 GC heap after
Heap after GC invocations=6 (full 1):
 PSYoungGen      total 138240K, used 0K [0x00000000d5580000, 0x00000000e7380000, 0x0000000100000000)
  eden space 133120K, 0% used [0x00000000d5580000,0x00000000d5580000,0x00000000dd780000)
  from space 5120K, 0% used [0x00000000dd780000,0x00000000dd780000,0x00000000ddc80000)
  to   space 13312K, 0% used [0x00000000e6680000,0x00000000e6680000,0x00000000e7380000)
 ParOldGen       total 53248K, used 6749K [0x0000000080000000, 0x0000000083400000, 0x00000000d5580000)
  object space 53248K, 12% used [0x0000000080000000,0x0000000080697718,0x0000000083400000)
 Metaspace       used 20489K, capacity 21214K, committed 21248K, reserved 1067008K
  class space    used 2858K, capacity 3039K, committed 3072K, reserved 1048576K
}
Event: 11.191 GC heap before
{Heap before GC invocations=7 (full 1):
 PSYoungGen      total 138240K, used 133120K [0x00000000d5580000, 0x00000000e7380000, 0x0000000100000000)
  eden space 133120K, 100% used [0x00000000d5580000,0x00000000dd780000,0x00000000dd780000)
  from space 5120K, 0% used [0x00000000dd780000,0x00000000dd780000,0x00000000ddc80000)
  to   space 13312K, 0% used [0x00000000e6680000,0x00000000e6680000,0x00000000e7380000)
 ParOldGen       total 53248K, used 6749K [0x0000000080000000, 0x0000000083400000, 0x00000000d5580000)
  object space 53248K, 12% used [0x0000000080000000,0x0000000080697718,0x0000000083400000)
 Metaspace       used 32659K, capacity 33888K, committed 34048K, reserved 1079296K
  class space    used 4428K, capacity 4743K, committed 4864K, reserved 1048576K
Event: 11.205 GC heap after
Heap after GC invocations=7 (full 1):
 PSYoungGen      total 253440K, used 13310K [0x00000000d5580000, 0x00000000e7380000, 0x0000000100000000)
  eden space 240128K, 0% used [0x00000000d5580000,0x00000000d5580000,0x00000000e4000000)
  from space 13312K, 99% used [0x00000000e6680000,0x00000000e737fab8,0x00000000e7380000)
  to   space 15872K, 0% used [0x00000000e5480000,0x00000000e5480000,0x00000000e6400000)
 ParOldGen       total 53248K, used 6786K [0x0000000080000000, 0x0000000083400000, 0x00000000d5580000)
  object space 53248K, 12% used [0x0000000080000000,0x00000000806a0ac8,0x0000000083400000)
 Metaspace       used 32659K, capacity 33888K, committed 34048K, reserved 1079296K
  class space    used 4428K, capacity 4743K, committed 4864K, reserved 1048576K
}
Event: 12.623 GC heap before
{Heap before GC invocations=8 (full 1):
 PSYoungGen      total 253440K, used 43860K [0x00000000d5580000, 0x00000000e7380000, 0x0000000100000000)
  eden space 240128K, 12% used [0x00000000d5580000,0x00000000d7355928,0x00000000e4000000)
  from space 13312K, 99% used [0x00000000e6680000,0x00000000e737fab8,0x00000000e7380000)
  to   space 15872K, 0% used [0x00000000e5480000,0x00000000e5480000,0x00000000e6400000)
 ParOldGen       total 53248K, used 6786K [0x0000000080000000, 0x0000000083400000, 0x00000000d5580000)
  object space 53248K, 12% used [0x0000000080000000,0x00000000806a0ac8,0x0000000083400000)
 Metaspace       used 33947K, capacity 35298K, committed 35416K, reserved 1079296K
  class space    used 4579K, capacity 4880K, committed 4992K, reserved 1048576K
Event: 12.667 GC heap after
Heap after GC invocations=8 (full 1):
 PSYoungGen      total 276992K, used 7773K [0x00000000d5580000, 0x00000000f0f80000, 0x0000000100000000)
  eden space 261120K, 0% used [0x00000000d5580000,0x00000000d5580000,0x00000000e5480000)
  from space 15872K, 48% used [0x00000000e5480000,0x00000000e5c17608,0x00000000e6400000)
  to   space 14848K, 0% used [0x00000000f0100000,0x00000000f0100000,0x00000000f0f80000)
 ParOldGen       total 53248K, used 6794K [0x0000000080000000, 0x0000000083400000, 0x00000000d5580000)
  object space 53248K, 12% used [0x0000000080000000,0x00000000806a2ac8,0x0000000083400000)
 Metaspace       used 33947K, capacity 35298K, committed 35416K, reserved 1079296K
  class space    used 4579K, capacity 4880K, committed 4992K, reserved 1048576K
}
Event: 12.668 GC heap before
{Heap before GC invocations=9 (full 2):
 PSYoungGen      total 276992K, used 7773K [0x00000000d5580000, 0x00000000f0f80000, 0x0000000100000000)
  eden space 261120K, 0% used [0x00000000d5580000,0x00000000d5580000,0x00000000e5480000)
  from space 15872K, 48% used [0x00000000e5480000,0x00000000e5c17608,0x00000000e6400000)
  to   space 14848K, 0% used [0x00000000f0100000,0x00000000f0100000,0x00000000f0f80000)
 ParOldGen       total 53248K, used 6794K [0x0000000080000000, 0x0000000083400000, 0x00000000d5580000)
  object space 53248K, 12% used [0x0000000080000000,0x00000000806a2ac8,0x0000000083400000)
 Metaspace       used 33947K, capacity 35298K, committed 35416K, reserved 1079296K
  class space    used 4579K, capacity 4880K, committed 4992K, reserved 1048576K
Event: 12.813 GC heap after
Heap after GC invocations=9 (full 2):
 PSYoungGen      total 276992K, used 0K [0x00000000d5580000, 0x00000000f0f80000, 0x0000000100000000)
  eden space 261120K, 0% used [0x00000000d5580000,0x00000000d5580000,0x00000000e5480000)
  from space 15872K, 0% used [0x00000000e5480000,0x00000000e5480000,0x00000000e6400000)
  to   space 14848K, 0% used [0x00000000f0100000,0x00000000f0100000,0x00000000f0f80000)
 ParOldGen       total 53248K, used 14239K [0x0000000080000000, 0x0000000083400000, 0x00000000d5580000)
  object space 53248K, 26% used [0x0000000080000000,0x0000000080de7f48,0x0000000083400000)
 Metaspace       used 33947K, capacity 35298K, committed 35416K, reserved 1079296K
  class space    used 4579K, capacity 4880K, committed 4992K, reserved 1048576K
}

