# JRE version: OpenJDK Runtime Environment (8.0_242-b01) (build 1.8.0_242-release-1644-b01)
# Java VM: OpenJDK 64-Bit Server VM (25.242-b01 mixed mode windows-amd64 compressed oops)
Heap:
 PSYoungGen      total 198656K, used 82894K [0x00000000d5580000, 0x00000000e2d00000, 0x0000000100000000)
  eden space 185344K, 37% used [0x00000000d5580000,0x00000000d9979d80,0x00000000e0a80000)
  from space 13312K, 99% used [0x00000000e1300000,0x00000000e1ff9d38,0x00000000e2000000)
  to   space 10240K, 0% used [0x00000000e2300000,0x00000000e2300000,0x00000000e2d00000)
 ParOldGen       total 94208K, used 31887K [0x0000000080000000, 0x0000000085c00000, 0x00000000d5580000)
  object space 94208K, 33% used [0x0000000080000000,0x0000000081f23eb0,0x0000000085c00000)
 Metaspace       used 64514K, capacity 67622K, committed 67880K, reserved 1107968K
  class space    used 8884K, capacity 9450K, committed 9520K, reserved 1048576K
GC Heap History (10 events):
Event: 8.999 GC heap before
{Heap before GC invocations=12 (full 2):
 PSYoungGen      total 140288K, used 129024K [0x00000000d5580000, 0x00000000e2f80000, 0x0000000100000000)
  eden space 129024K, 100% used [0x00000000d5580000,0x00000000dd380000,0x00000000dd380000)
  from space 11264K, 0% used [0x00000000dd380000,0x00000000dd380000,0x00000000dde80000)
  to   space 12800K, 0% used [0x00000000e2300000,0x00000000e2300000,0x00000000e2f80000)
 ParOldGen       total 65024K, used 17284K [0x0000000080000000, 0x0000000083f80000, 0x00000000d5580000)
  object space 65024K, 26% used [0x0000000080000000,0x00000000810e11d0,0x0000000083f80000)
 Metaspace       used 39886K, capacity 41694K, committed 41768K, reserved 1085440K
  class space    used 5511K, capacity 5913K, committed 5936K, reserved 1048576K
Event: 9.015 GC heap after
Heap after GC invocations=12 (full 2):
 PSYoungGen      total 195584K, used 9843K [0x00000000d5580000, 0x00000000e2d00000, 0x0000000100000000)
  eden space 185344K, 0% used [0x00000000d5580000,0x00000000d5580000,0x00000000e0a80000)
  from space 10240K, 96% used [0x00000000e2300000,0x00000000e2c9ccd8,0x00000000e2d00000)
  to   space 13312K, 0% used [0x00000000e1300000,0x00000000e1300000,0x00000000e2000000)
 ParOldGen       total 65024K, used 17292K [0x0000000080000000, 0x0000000083f80000, 0x00000000d5580000)
  object space 65024K, 26% used [0x0000000080000000,0x00000000810e31d0,0x0000000083f80000)
 Metaspace       used 39886K, capacity 41694K, committed 41768K, reserved 1085440K
  class space    used 5511K, capacity 5913K, committed 5936K, reserved 1048576K
}
Event: 13.155 GC heap before
{Heap before GC invocations=13 (full 2):
 PSYoungGen      total 195584K, used 195187K [0x00000000d5580000, 0x00000000e2d00000, 0x0000000100000000)
  eden space 185344K, 100% used [0x00000000d5580000,0x00000000e0a80000,0x00000000e0a80000)
  from space 10240K, 96% used [0x00000000e2300000,0x00000000e2c9ccd8,0x00000000e2d00000)
  to   space 13312K, 0% used [0x00000000e1300000,0x00000000e1300000,0x00000000e2000000)
 ParOldGen       total 65024K, used 17292K [0x0000000080000000, 0x0000000083f80000, 0x00000000d5580000)
  object space 65024K, 26% used [0x0000000080000000,0x00000000810e31d0,0x0000000083f80000)
 Metaspace       used 56438K, capacity 58790K, committed 58920K, reserved 1099776K
  class space    used 7725K, capacity 8208K, committed 8240K, reserved 1048576K
Event: 13.330 GC heap after
Heap after GC invocations=13 (full 2):
 PSYoungGen      total 198656K, used 13294K [0x00000000d5580000, 0x00000000e2d00000, 0x0000000100000000)
  eden space 185344K, 0% used [0x00000000d5580000,0x00000000d5580000,0x00000000e0a80000)
  from space 13312K, 99% used [0x00000000e1300000,0x00000000e1ffbb00,0x00000000e2000000)
  to   space 10240K, 0% used [0x00000000e2300000,0x00000000e2300000,0x00000000e2d00000)
 ParOldGen       total 65024K, used 31829K [0x0000000080000000, 0x0000000083f80000, 0x00000000d5580000)
  object space 65024K, 48% used [0x0000000080000000,0x0000000081f15478,0x0000000083f80000)
 Metaspace       used 56438K, capacity 58790K, committed 58920K, reserved 1099776K
  class space    used 7725K, capacity 8208K, committed 8240K, reserved 1048576K
}
Event: 13.395 GC heap before
{Heap before GC invocations=14 (full 2):
 PSYoungGen      total 198656K, used 17567K [0x00000000d5580000, 0x00000000e2d00000, 0x0000000100000000)
  eden space 185344K, 2% used [0x00000000d5580000,0x00000000d59ac438,0x00000000e0a80000)
  from space 13312K, 99% used [0x00000000e1300000,0x00000000e1ffbb00,0x00000000e2000000)
  to   space 10240K, 0% used [0x00000000e2300000,0x00000000e2300000,0x00000000e2d00000)
 ParOldGen       total 65024K, used 31829K [0x0000000080000000, 0x0000000083f80000, 0x00000000d5580000)
  object space 65024K, 48% used [0x0000000080000000,0x0000000081f15478,0x0000000083f80000)
 Metaspace       used 56691K, capacity 59020K, committed 59160K, reserved 1099776K
  class space    used 7762K, capacity 8241K, committed 8368K, reserved 1048576K
Event: 13.409 GC heap after
Heap after GC invocations=14 (full 2):
 PSYoungGen      total 195584K, used 416K [0x00000000d5580000, 0x00000000e2d00000, 0x0000000100000000)
  eden space 185344K, 0% used [0x00000000d5580000,0x00000000d5580000,0x00000000e0a80000)
  from space 10240K, 4% used [0x00000000e2300000,0x00000000e2368000,0x00000000e2d00000)
  to   space 13312K, 0% used [0x00000000e1300000,0x00000000e1300000,0x00000000e2000000)
 ParOldGen       total 65024K, used 43414K [0x0000000080000000, 0x0000000083f80000, 0x00000000d5580000)
  object space 65024K, 66% used [0x0000000080000000,0x0000000082a65818,0x0000000083f80000)
 Metaspace       used 56691K, capacity 59020K, committed 59160K, reserved 1099776K
  class space    used 7762K, capacity 8241K, committed 8368K, reserved 1048576K
}
Event: 13.409 GC heap before
{Heap before GC invocations=15 (full 3):
 PSYoungGen      total 195584K, used 416K [0x00000000d5580000, 0x00000000e2d00000, 0x0000000100000000)
  eden space 185344K, 0% used [0x00000000d5580000,0x00000000d5580000,0x00000000e0a80000)
  from space 10240K, 4% used [0x00000000e2300000,0x00000000e2368000,0x00000000e2d00000)
  to   space 13312K, 0% used [0x00000000e1300000,0x00000000e1300000,0x00000000e2000000)
 ParOldGen       total 65024K, used 43414K [0x0000000080000000, 0x0000000083f80000, 0x00000000d5580000)
  object space 65024K, 66% used [0x0000000080000000,0x0000000082a65818,0x0000000083f80000)
 Metaspace       used 56691K, capacity 59020K, committed 59160K, reserved 1099776K
  class space    used 7762K, capacity 8241K, committed 8368K, reserved 1048576K
Event: 13.733 GC heap after
Heap after GC invocations=15 (full 3):
 PSYoungGen      total 195584K, used 0K [0x00000000d5580000, 0x00000000e2d00000, 0x0000000100000000)
  eden space 185344K, 0% used [0x00000000d5580000,0x00000000d5580000,0x00000000e0a80000)
  from space 10240K, 0% used [0x00000000e2300000,0x00000000e2300000,0x00000000e2d00000)
  to   space 13312K, 0% used [0x00000000e1300000,0x00000000e1300000,0x00000000e2000000)
 ParOldGen       total 94208K, used 29058K [0x0000000080000000, 0x0000000085c00000, 0x00000000d5580000)
  object space 94208K, 30% used [0x0000000080000000,0x0000000081c60b98,0x0000000085c00000)
 Metaspace       used 56664K, capacity 58930K, committed 59160K, reserved 1099776K
  class space    used 7754K, capacity 8226K, committed 8368K, reserved 1048576K
}
Event: 47.328 GC heap before
{Heap before GC invocations=16 (full 3):
 PSYoungGen      total 195584K, used 185344K [0x00000000d5580000, 0x00000000e2d00000, 0x0000000100000000)
  eden space 185344K, 100% used [0x00000000d5580000,0x00000000e0a80000,0x00000000e0a80000)
  from space 10240K, 0% used [0x00000000e2300000,0x00000000e2300000,0x00000000e2d00000)
  to   space 13312K, 0% used [0x00000000e1300000,0x00000000e1300000,0x00000000e2000000)
 ParOldGen       total 94208K, used 29058K [0x0000000080000000, 0x0000000085c00000, 0x00000000d5580000)
  object space 94208K, 30% used [0x0000000080000000,0x0000000081c60b98,0x0000000085c00000)
 Metaspace       used 63693K, capacity 66760K, committed 66984K, reserved 1107968K
  class space    used 8814K, capacity 9377K, committed 9392K, reserved 1048576K
Event: 47.349 GC heap after
Heap after GC invocations=16 (full 3):
 PSYoungGen      total 198656K, used 13287K [0x00000000d5580000, 0x00000000e2d00000, 0x0000000100000000)
  eden space 185344K, 0% used [0x00000000d5580000,0x00000000d5580000,0x00000000e0a80000)
  from space 13312K, 99% used [0x00000000e1300000,0x00000000e1ff9d38,0x00000000e2000000)
  to   space 10240K, 0% used [0x00000000e2300000,0x00000000e2300000,0x00000000e2d00000)
 ParOldGen       total 94208K, used 31887K [0x0000000080000000, 0x0000000085c00000, 0x00000000d5580000)
  object space 94208K, 33% used [0x0000000080000000,0x0000000081f23eb0,0x0000000085c00000)
 Metaspace       used 63693K, capacity 66760K, committed 66984K, reserved 1107968K
  class space    used 8814K, capacity 9377K, committed 9392K, reserved 1048576K
}

