# JRE version: OpenJDK Runtime Environment (8.0_242-b01) (build 1.8.0_242-release-1644-b01)
# Java VM: OpenJDK 64-Bit Server VM (25.242-b01 mixed mode windows-amd64 compressed oops)
Heap:
 PSYoungGen      total 78848K, used 34831K [0x00000000d5580000, 0x00000000dae80000, 0x0000000100000000)
  eden space 69632K, 40% used [0x00000000d5580000,0x00000000d70e7418,0x00000000d9980000)
  from space 9216K, 73% used [0x00000000da580000,0x00000000dac1cae8,0x00000000dae80000)
  to   space 10752K, 0% used [0x00000000d9980000,0x00000000d9980000,0x00000000da400000)
 ParOldGen       total 98816K, used 15180K [0x0000000080000000, 0x0000000086080000, 0x00000000d5580000)
  object space 98816K, 15% used [0x0000000080000000,0x0000000080ed3098,0x0000000086080000)
 Metaspace       used 40504K, capacity 42542K, committed 42624K, reserved 1085440K
  class space    used 5592K, capacity 6011K, committed 6016K, reserved 1048576K
GC Heap History (10 events):
Event: 16.952 GC heap before
{Heap before GC invocations=10 (full 1):
 PSYoungGen      total 55808K, used 50796K [0x00000000d5580000, 0x00000000d9700000, 0x0000000100000000)
  eden space 45568K, 100% used [0x00000000d5580000,0x00000000d8200000,0x00000000d8200000)
  from space 10240K, 51% used [0x00000000d8d00000,0x00000000d921b350,0x00000000d9700000)
  to   space 10752K, 0% used [0x00000000d8200000,0x00000000d8200000,0x00000000d8c80000)
 ParOldGen       total 64000K, used 9109K [0x0000000080000000, 0x0000000083e80000, 0x00000000d5580000)
  object space 64000K, 14% used [0x0000000080000000,0x00000000808e55a8,0x0000000083e80000)
 Metaspace       used 31902K, capacity 33056K, committed 33408K, reserved 1077248K
  class space    used 4323K, capacity 4619K, committed 4736K, reserved 1048576K
Event: 16.961 GC heap after
Heap after GC invocations=10 (full 1):
 PSYoungGen      total 56320K, used 7941K [0x00000000d5580000, 0x00000000da300000, 0x0000000100000000)
  eden space 45568K, 0% used [0x00000000d5580000,0x00000000d5580000,0x00000000d8200000)
  from space 10752K, 73% used [0x00000000d8200000,0x00000000d89c1650,0x00000000d8c80000)
  to   space 11264K, 0% used [0x00000000d9800000,0x00000000d9800000,0x00000000da300000)
 ParOldGen       total 64000K, used 9117K [0x0000000080000000, 0x0000000083e80000, 0x00000000d5580000)
  object space 64000K, 14% used [0x0000000080000000,0x00000000808e75a8,0x0000000083e80000)
 Metaspace       used 31902K, capacity 33056K, committed 33408K, reserved 1077248K
  class space    used 4323K, capacity 4619K, committed 4736K, reserved 1048576K
}
Event: 18.451 GC heap before
{Heap before GC invocations=11 (full 1):
 PSYoungGen      total 56320K, used 45398K [0x00000000d5580000, 0x00000000da300000, 0x0000000100000000)
  eden space 45568K, 82% used [0x00000000d5580000,0x00000000d7a14550,0x00000000d8200000)
  from space 10752K, 73% used [0x00000000d8200000,0x00000000d89c1650,0x00000000d8c80000)
  to   space 11264K, 0% used [0x00000000d9800000,0x00000000d9800000,0x00000000da300000)
 ParOldGen       total 64000K, used 9117K [0x0000000080000000, 0x0000000083e80000, 0x00000000d5580000)
  object space 64000K, 14% used [0x0000000080000000,0x00000000808e75a8,0x0000000083e80000)
 Metaspace       used 33999K, capacity 35338K, committed 35456K, reserved 1079296K
  class space    used 4594K, capacity 4912K, committed 4992K, reserved 1048576K
Event: 18.460 GC heap after
Heap after GC invocations=11 (full 1):
 PSYoungGen      total 67584K, used 8588K [0x00000000d5580000, 0x00000000da400000, 0x0000000100000000)
  eden space 56320K, 0% used [0x00000000d5580000,0x00000000d5580000,0x00000000d8c80000)
  from space 11264K, 76% used [0x00000000d9800000,0x00000000da0631a0,0x00000000da300000)
  to   space 11776K, 0% used [0x00000000d8c80000,0x00000000d8c80000,0x00000000d9800000)
 ParOldGen       total 64000K, used 9125K [0x0000000080000000, 0x0000000083e80000, 0x00000000d5580000)
  object space 64000K, 14% used [0x0000000080000000,0x00000000808e95a8,0x0000000083e80000)
 Metaspace       used 33999K, capacity 35338K, committed 35456K, reserved 1079296K
  class space    used 4594K, capacity 4912K, committed 4992K, reserved 1048576K
}
Event: 18.460 GC heap before
{Heap before GC invocations=12 (full 2):
 PSYoungGen      total 67584K, used 8588K [0x00000000d5580000, 0x00000000da400000, 0x0000000100000000)
  eden space 56320K, 0% used [0x00000000d5580000,0x00000000d5580000,0x00000000d8c80000)
  from space 11264K, 76% used [0x00000000d9800000,0x00000000da0631a0,0x00000000da300000)
  to   space 11776K, 0% used [0x00000000d8c80000,0x00000000d8c80000,0x00000000d9800000)
 ParOldGen       total 64000K, used 9125K [0x0000000080000000, 0x0000000083e80000, 0x00000000d5580000)
  object space 64000K, 14% used [0x0000000080000000,0x00000000808e95a8,0x0000000083e80000)
 Metaspace       used 33999K, capacity 35338K, committed 35456K, reserved 1079296K
  class space    used 4594K, capacity 4912K, committed 4992K, reserved 1048576K
Event: 18.514 GC heap after
Heap after GC invocations=12 (full 2):
 PSYoungGen      total 67584K, used 0K [0x00000000d5580000, 0x00000000da400000, 0x0000000100000000)
  eden space 56320K, 0% used [0x00000000d5580000,0x00000000d5580000,0x00000000d8c80000)
  from space 11264K, 0% used [0x00000000d9800000,0x00000000d9800000,0x00000000da300000)
  to   space 11776K, 0% used [0x00000000d8c80000,0x00000000d8c80000,0x00000000d9800000)
 ParOldGen       total 98816K, used 15164K [0x0000000080000000, 0x0000000086080000, 0x00000000d5580000)
  object space 98816K, 15% used [0x0000000080000000,0x0000000080ecf098,0x0000000086080000)
 Metaspace       used 33999K, capacity 35338K, committed 35456K, reserved 1079296K
  class space    used 4594K, capacity 4912K, committed 4992K, reserved 1048576K
}
Event: 20.270 GC heap before
{Heap before GC invocations=13 (full 2):
 PSYoungGen      total 67584K, used 56320K [0x00000000d5580000, 0x00000000da400000, 0x0000000100000000)
  eden space 56320K, 100% used [0x00000000d5580000,0x00000000d8c80000,0x00000000d8c80000)
  from space 11264K, 0% used [0x00000000d9800000,0x00000000d9800000,0x00000000da300000)
  to   space 11776K, 0% used [0x00000000d8c80000,0x00000000d8c80000,0x00000000d9800000)
 ParOldGen       total 98816K, used 15164K [0x0000000080000000, 0x0000000086080000, 0x00000000d5580000)
  object space 98816K, 15% used [0x0000000080000000,0x0000000080ecf098,0x0000000086080000)
 Metaspace       used 36720K, capacity 38248K, committed 38528K, reserved 1083392K
  class space    used 5051K, capacity 5404K, committed 5504K, reserved 1048576K
Event: 20.279 GC heap after
Heap after GC invocations=13 (full 2):
 PSYoungGen      total 68096K, used 5876K [0x00000000d5580000, 0x00000000db080000, 0x0000000100000000)
  eden space 56320K, 0% used [0x00000000d5580000,0x00000000d5580000,0x00000000d8c80000)
  from space 11776K, 49% used [0x00000000d8c80000,0x00000000d923d2a8,0x00000000d9800000)
  to   space 11264K, 0% used [0x00000000da580000,0x00000000da580000,0x00000000db080000)
 ParOldGen       total 98816K, used 15172K [0x0000000080000000, 0x0000000086080000, 0x00000000d5580000)
  object space 98816K, 15% used [0x0000000080000000,0x0000000080ed1098,0x0000000086080000)
 Metaspace       used 36720K, capacity 38248K, committed 38528K, reserved 1083392K
  class space    used 5051K, capacity 5404K, committed 5504K, reserved 1048576K
}
Event: 22.572 GC heap before
{Heap before GC invocations=14 (full 2):
 PSYoungGen      total 68096K, used 62196K [0x00000000d5580000, 0x00000000db080000, 0x0000000100000000)
  eden space 56320K, 100% used [0x00000000d5580000,0x00000000d8c80000,0x00000000d8c80000)
  from space 11776K, 49% used [0x00000000d8c80000,0x00000000d923d2a8,0x00000000d9800000)
  to   space 11264K, 0% used [0x00000000da580000,0x00000000da580000,0x00000000db080000)
 ParOldGen       total 98816K, used 15172K [0x0000000080000000, 0x0000000086080000, 0x00000000d5580000)
  object space 98816K, 15% used [0x0000000080000000,0x0000000080ed1098,0x0000000086080000)
 Metaspace       used 38651K, capacity 40616K, committed 40832K, reserved 1085440K
  class space    used 5322K, capacity 5717K, committed 5760K, reserved 1048576K
Event: 22.579 GC heap after
Heap after GC invocations=14 (full 2):
 PSYoungGen      total 78848K, used 6770K [0x00000000d5580000, 0x00000000dae80000, 0x0000000100000000)
  eden space 69632K, 0% used [0x00000000d5580000,0x00000000d5580000,0x00000000d9980000)
  from space 9216K, 73% used [0x00000000da580000,0x00000000dac1cae8,0x00000000dae80000)
  to   space 10752K, 0% used [0x00000000d9980000,0x00000000d9980000,0x00000000da400000)
 ParOldGen       total 98816K, used 15180K [0x0000000080000000, 0x0000000086080000, 0x00000000d5580000)
  object space 98816K, 15% used [0x0000000080000000,0x0000000080ed3098,0x0000000086080000)
 Metaspace       used 38651K, capacity 40616K, committed 40832K, reserved 1085440K
  class space    used 5322K, capacity 5717K, committed 5760K, reserved 1048576K
}

