# JRE version: OpenJDK Runtime Environment (8.0_242-b01) (build 1.8.0_242-release-1644-b01)
# Java VM: OpenJDK 64-Bit Server VM (25.242-b01 mixed mode windows-amd64 compressed oops)
Heap:
 PSYoungGen      total 59392K, used 46725K [0x00000000d5580000, 0x00000000da280000, 0x0000000100000000)
  eden space 55808K, 78% used [0x00000000d5580000,0x00000000d801c4a0,0x00000000d8c00000)
  from space 3584K, 86% used [0x00000000d9f00000,0x00000000da205138,0x00000000da280000)
  to   space 10752K, 0% used [0x00000000d8d80000,0x00000000d8d80000,0x00000000d9800000)
 ParOldGen       total 51712K, used 6709K [0x0000000080000000, 0x0000000083280000, 0x00000000d5580000)
  object space 51712K, 12% used [0x0000000080000000,0x000000008068d720,0x0000000083280000)
 Metaspace       used 29752K, capacity 30584K, committed 30640K, reserved 1075200K
  class space    used 4041K, capacity 4267K, committed 4272K, reserved 1048576K
GC Heap History (10 events):
Event: 11.876 GC heap before
{Heap before GC invocations=5 (full 0):
 PSYoungGen      total 38400K, used 38384K [0x00000000d5580000, 0x00000000d8000000, 0x0000000100000000)
  eden space 33280K, 100% used [0x00000000d5580000,0x00000000d7600000,0x00000000d7600000)
  from space 5120K, 99% used [0x00000000d7b00000,0x00000000d7ffc050,0x00000000d8000000)
  to   space 5120K, 0% used [0x00000000d7600000,0x00000000d7600000,0x00000000d7b00000)
 ParOldGen       total 87552K, used 3611K [0x0000000080000000, 0x0000000085580000, 0x00000000d5580000)
  object space 87552K, 4% used [0x0000000080000000,0x0000000080386c90,0x0000000085580000)
 Metaspace       used 17777K, capacity 18356K, committed 18560K, reserved 1064960K
  class space    used 2439K, capacity 2628K, committed 2688K, reserved 1048576K
Event: 11.882 GC heap after
Heap after GC invocations=5 (full 0):
 PSYoungGen      total 37888K, used 5088K [0x00000000d5580000, 0x00000000d8980000, 0x0000000100000000)
  eden space 32768K, 0% used [0x00000000d5580000,0x00000000d5580000,0x00000000d7580000)
  from space 5120K, 99% used [0x00000000d7600000,0x00000000d7af8020,0x00000000d7b00000)
  to   space 10240K, 0% used [0x00000000d7f80000,0x00000000d7f80000,0x00000000d8980000)
 ParOldGen       total 87552K, used 6783K [0x0000000080000000, 0x0000000085580000, 0x00000000d5580000)
  object space 87552K, 7% used [0x0000000080000000,0x000000008069fe78,0x0000000085580000)
 Metaspace       used 17777K, capacity 18356K, committed 18560K, reserved 1064960K
  class space    used 2439K, capacity 2628K, committed 2688K, reserved 1048576K
}
Event: 16.123 GC heap before
{Heap before GC invocations=6 (full 0):
 PSYoungGen      total 37888K, used 37856K [0x00000000d5580000, 0x00000000d8980000, 0x0000000100000000)
  eden space 32768K, 100% used [0x00000000d5580000,0x00000000d7580000,0x00000000d7580000)
  from space 5120K, 99% used [0x00000000d7600000,0x00000000d7af8020,0x00000000d7b00000)
  to   space 10240K, 0% used [0x00000000d7f80000,0x00000000d7f80000,0x00000000d8980000)
 ParOldGen       total 87552K, used 6783K [0x0000000080000000, 0x0000000085580000, 0x00000000d5580000)
  object space 87552K, 7% used [0x0000000080000000,0x000000008069fe78,0x0000000085580000)
 Metaspace       used 20521K, capacity 21176K, committed 21248K, reserved 1067008K
  class space    used 2869K, capacity 3044K, committed 3072K, reserved 1048576K
Event: 16.130 GC heap after
Heap after GC invocations=6 (full 0):
 PSYoungGen      total 42496K, used 8527K [0x00000000d5580000, 0x00000000d8a00000, 0x0000000100000000)
  eden space 32256K, 0% used [0x00000000d5580000,0x00000000d5580000,0x00000000d7500000)
  from space 10240K, 83% used [0x00000000d7f80000,0x00000000d87d3e58,0x00000000d8980000)
  to   space 10752K, 0% used [0x00000000d7500000,0x00000000d7500000,0x00000000d7f80000)
 ParOldGen       total 87552K, used 6791K [0x0000000080000000, 0x0000000085580000, 0x00000000d5580000)
  object space 87552K, 7% used [0x0000000080000000,0x00000000806a1e78,0x0000000085580000)
 Metaspace       used 20521K, capacity 21176K, committed 21248K, reserved 1067008K
  class space    used 2869K, capacity 3044K, committed 3072K, reserved 1048576K
}
Event: 16.243 GC heap before
{Heap before GC invocations=7 (full 0):
 PSYoungGen      total 42496K, used 10575K [0x00000000d5580000, 0x00000000d8a00000, 0x0000000100000000)
  eden space 32256K, 6% used [0x00000000d5580000,0x00000000d5780128,0x00000000d7500000)
  from space 10240K, 83% used [0x00000000d7f80000,0x00000000d87d3e58,0x00000000d8980000)
  to   space 10752K, 0% used [0x00000000d7500000,0x00000000d7500000,0x00000000d7f80000)
 ParOldGen       total 87552K, used 6791K [0x0000000080000000, 0x0000000085580000, 0x00000000d5580000)
  object space 87552K, 7% used [0x0000000080000000,0x00000000806a1e78,0x0000000085580000)
 Metaspace       used 20585K, capacity 21208K, committed 21296K, reserved 1067008K
  class space    used 2881K, capacity 3076K, committed 3120K, reserved 1048576K
Event: 16.249 GC heap after
Heap after GC invocations=7 (full 0):
 PSYoungGen      total 43008K, used 3776K [0x00000000d5580000, 0x00000000da980000, 0x0000000100000000)
  eden space 32256K, 0% used [0x00000000d5580000,0x00000000d5580000,0x00000000d7500000)
  from space 10752K, 35% used [0x00000000d7500000,0x00000000d78b0030,0x00000000d7f80000)
  to   space 10752K, 0% used [0x00000000d9f00000,0x00000000d9f00000,0x00000000da980000)
 ParOldGen       total 87552K, used 9126K [0x0000000080000000, 0x0000000085580000, 0x00000000d5580000)
  object space 87552K, 10% used [0x0000000080000000,0x00000000808e9808,0x0000000085580000)
 Metaspace       used 20585K, capacity 21208K, committed 21296K, reserved 1067008K
  class space    used 2881K, capacity 3076K, committed 3120K, reserved 1048576K
}
Event: 16.249 GC heap before
{Heap before GC invocations=8 (full 1):
 PSYoungGen      total 43008K, used 3776K [0x00000000d5580000, 0x00000000da980000, 0x0000000100000000)
  eden space 32256K, 0% used [0x00000000d5580000,0x00000000d5580000,0x00000000d7500000)
  from space 10752K, 35% used [0x00000000d7500000,0x00000000d78b0030,0x00000000d7f80000)
  to   space 10752K, 0% used [0x00000000d9f00000,0x00000000d9f00000,0x00000000da980000)
 ParOldGen       total 87552K, used 9126K [0x0000000080000000, 0x0000000085580000, 0x00000000d5580000)
  object space 87552K, 10% used [0x0000000080000000,0x00000000808e9808,0x0000000085580000)
 Metaspace       used 20585K, capacity 21208K, committed 21296K, reserved 1067008K
  class space    used 2881K, capacity 3076K, committed 3120K, reserved 1048576K
Event: 16.327 GC heap after
Heap after GC invocations=8 (full 1):
 PSYoungGen      total 43008K, used 0K [0x00000000d5580000, 0x00000000da980000, 0x0000000100000000)
  eden space 32256K, 0% used [0x00000000d5580000,0x00000000d5580000,0x00000000d7500000)
  from space 10752K, 0% used [0x00000000d7500000,0x00000000d7500000,0x00000000d7f80000)
  to   space 10752K, 0% used [0x00000000d9f00000,0x00000000d9f00000,0x00000000da980000)
 ParOldGen       total 51712K, used 6701K [0x0000000080000000, 0x0000000083280000, 0x00000000d5580000)
  object space 51712K, 12% used [0x0000000080000000,0x000000008068b720,0x0000000083280000)
 Metaspace       used 20585K, capacity 21208K, committed 21296K, reserved 1067008K
  class space    used 2881K, capacity 3076K, committed 3120K, reserved 1048576K
}
Event: 20.528 GC heap before
{Heap before GC invocations=9 (full 1):
 PSYoungGen      total 43008K, used 32256K [0x00000000d5580000, 0x00000000da980000, 0x0000000100000000)
  eden space 32256K, 100% used [0x00000000d5580000,0x00000000d7500000,0x00000000d7500000)
  from space 10752K, 0% used [0x00000000d7500000,0x00000000d7500000,0x00000000d7f80000)
  to   space 10752K, 0% used [0x00000000d9f00000,0x00000000d9f00000,0x00000000da980000)
 ParOldGen       total 51712K, used 6701K [0x0000000080000000, 0x0000000083280000, 0x00000000d5580000)
  object space 51712K, 12% used [0x0000000080000000,0x000000008068b720,0x0000000083280000)
 Metaspace       used 22919K, capacity 23740K, committed 23984K, reserved 1069056K
  class space    used 3259K, capacity 3476K, committed 3504K, reserved 1048576K
Event: 20.531 GC heap after
Heap after GC invocations=9 (full 1):
 PSYoungGen      total 59392K, used 3092K [0x00000000d5580000, 0x00000000da280000, 0x0000000100000000)
  eden space 55808K, 0% used [0x00000000d5580000,0x00000000d5580000,0x00000000d8c00000)
  from space 3584K, 86% used [0x00000000d9f00000,0x00000000da205138,0x00000000da280000)
  to   space 10752K, 0% used [0x00000000d8d80000,0x00000000d8d80000,0x00000000d9800000)
 ParOldGen       total 51712K, used 6709K [0x0000000080000000, 0x0000000083280000, 0x00000000d5580000)
  object space 51712K, 12% used [0x0000000080000000,0x000000008068d720,0x0000000083280000)
 Metaspace       used 22919K, capacity 23740K, committed 23984K, reserved 1069056K
  class space    used 3259K, capacity 3476K, committed 3504K, reserved 1048576K
}

