# JRE version: OpenJDK Runtime Environment (8.0_242-b01) (build 1.8.0_242-release-1644-b01)
# Java VM: OpenJDK 64-Bit Server VM (25.242-b01 mixed mode windows-amd64 compressed oops)
Heap:
 PSYoungGen      total 303616K, used 133929K [0x00000000d5580000, 0x00000000e9480000, 0x0000000100000000)
  eden space 280576K, 40% used [0x00000000d5580000,0x00000000dc3c6b50,0x00000000e6780000)
  from space 23040K, 91% used [0x00000000e6780000,0x00000000e7c03b18,0x00000000e7e00000)
  to   space 20480K, 0% used [0x00000000e7e00000,0x00000000e7e00000,0x00000000e9200000)
 ParOldGen       total 92160K, used 50325K [0x0000000080000000, 0x0000000085a00000, 0x00000000d5580000)
  object space 92160K, 54% used [0x0000000080000000,0x00000000831254b0,0x0000000085a00000)
 Metaspace       used 78666K, capacity 83038K, committed 83368K, reserved 1120256K
  class space    used 10959K, capacity 11842K, committed 11952K, reserved 1048576K
GC Heap History (10 events):
Event: 49.366 GC heap before
{Heap before GC invocations=12 (full 2):
 PSYoungGen      total 139776K, used 128000K [0x00000000d5580000, 0x00000000e2880000, 0x0000000100000000)
  eden space 128000K, 100% used [0x00000000d5580000,0x00000000dd280000,0x00000000dd280000)
  from space 11776K, 0% used [0x00000000dd280000,0x00000000dd280000,0x00000000dde00000)
  to   space 12800K, 0% used [0x00000000e1c00000,0x00000000e1c00000,0x00000000e2880000)
 ParOldGen       total 61952K, used 17199K [0x0000000080000000, 0x0000000083c80000, 0x00000000d5580000)
  object space 61952K, 27% used [0x0000000080000000,0x00000000810cbf40,0x0000000083c80000)
 Metaspace       used 40531K, capacity 42364K, committed 42664K, reserved 1085440K
  class space    used 5573K, capacity 5980K, committed 6064K, reserved 1048576K
Event: 49.384 GC heap after
Heap after GC invocations=12 (full 2):
 PSYoungGen      total 202240K, used 10588K [0x00000000d5580000, 0x00000000e2e00000, 0x0000000100000000)
  eden space 189440K, 0% used [0x00000000d5580000,0x00000000d5580000,0x00000000e0e80000)
  from space 12800K, 82% used [0x00000000e1c00000,0x00000000e26572d0,0x00000000e2880000)
  to   space 13824K, 0% used [0x00000000e0e80000,0x00000000e0e80000,0x00000000e1c00000)
 ParOldGen       total 61952K, used 17207K [0x0000000080000000, 0x0000000083c80000, 0x00000000d5580000)
  object space 61952K, 27% used [0x0000000080000000,0x00000000810cdf40,0x0000000083c80000)
 Metaspace       used 40531K, capacity 42364K, committed 42664K, reserved 1085440K
  class space    used 5573K, capacity 5980K, committed 6064K, reserved 1048576K
}
Event: 85.484 GC heap before
{Heap before GC invocations=13 (full 2):
 PSYoungGen      total 202240K, used 192945K [0x00000000d5580000, 0x00000000e2e00000, 0x0000000100000000)
  eden space 189440K, 96% used [0x00000000d5580000,0x00000000e07951d0,0x00000000e0e80000)
  from space 12800K, 82% used [0x00000000e1c00000,0x00000000e26572d0,0x00000000e2880000)
  to   space 13824K, 0% used [0x00000000e0e80000,0x00000000e0e80000,0x00000000e1c00000)
 ParOldGen       total 61952K, used 17207K [0x0000000080000000, 0x0000000083c80000, 0x00000000d5580000)
  object space 61952K, 27% used [0x0000000080000000,0x00000000810cdf40,0x0000000083c80000)
 Metaspace       used 56618K, capacity 58990K, committed 59160K, reserved 1099776K
  class space    used 7751K, capacity 8244K, committed 8368K, reserved 1048576K
Event: 85.513 GC heap after
Heap after GC invocations=13 (full 2):
 PSYoungGen      total 203264K, used 13803K [0x00000000d5580000, 0x00000000e9200000, 0x0000000100000000)
  eden space 189440K, 0% used [0x00000000d5580000,0x00000000d5580000,0x00000000e0e80000)
  from space 13824K, 99% used [0x00000000e0e80000,0x00000000e1bfaed8,0x00000000e1c00000)
  to   space 20480K, 0% used [0x00000000e7e00000,0x00000000e7e00000,0x00000000e9200000)
 ParOldGen       total 61952K, used 30878K [0x0000000080000000, 0x0000000083c80000, 0x00000000d5580000)
  object space 61952K, 49% used [0x0000000080000000,0x0000000081e27950,0x0000000083c80000)
 Metaspace       used 56618K, capacity 58990K, committed 59160K, reserved 1099776K
  class space    used 7751K, capacity 8244K, committed 8368K, reserved 1048576K
}
Event: 85.513 GC heap before
{Heap before GC invocations=14 (full 3):
 PSYoungGen      total 203264K, used 13803K [0x00000000d5580000, 0x00000000e9200000, 0x0000000100000000)
  eden space 189440K, 0% used [0x00000000d5580000,0x00000000d5580000,0x00000000e0e80000)
  from space 13824K, 99% used [0x00000000e0e80000,0x00000000e1bfaed8,0x00000000e1c00000)
  to   space 20480K, 0% used [0x00000000e7e00000,0x00000000e7e00000,0x00000000e9200000)
 ParOldGen       total 61952K, used 30878K [0x0000000080000000, 0x0000000083c80000, 0x00000000d5580000)
  object space 61952K, 49% used [0x0000000080000000,0x0000000081e27950,0x0000000083c80000)
 Metaspace       used 56618K, capacity 58990K, committed 59160K, reserved 1099776K
  class space    used 7751K, capacity 8244K, committed 8368K, reserved 1048576K
Event: 85.830 GC heap after
Heap after GC invocations=14 (full 3):
 PSYoungGen      total 203264K, used 0K [0x00000000d5580000, 0x00000000e9200000, 0x0000000100000000)
  eden space 189440K, 0% used [0x00000000d5580000,0x00000000d5580000,0x00000000e0e80000)
  from space 13824K, 0% used [0x00000000e0e80000,0x00000000e0e80000,0x00000000e1c00000)
  to   space 20480K, 0% used [0x00000000e7e00000,0x00000000e7e00000,0x00000000e9200000)
 ParOldGen       total 92160K, used 39135K [0x0000000080000000, 0x0000000085a00000, 0x00000000d5580000)
  object space 92160K, 42% used [0x0000000080000000,0x0000000082637c68,0x0000000085a00000)
 Metaspace       used 56586K, capacity 58882K, committed 59160K, reserved 1099776K
  class space    used 7741K, capacity 8226K, committed 8368K, reserved 1048576K
}
Event: 120.879 GC heap before
{Heap before GC invocations=15 (full 3):
 PSYoungGen      total 203264K, used 189440K [0x00000000d5580000, 0x00000000e9200000, 0x0000000100000000)
  eden space 189440K, 100% used [0x00000000d5580000,0x00000000e0e80000,0x00000000e0e80000)
  from space 13824K, 0% used [0x00000000e0e80000,0x00000000e0e80000,0x00000000e1c00000)
  to   space 20480K, 0% used [0x00000000e7e00000,0x00000000e7e00000,0x00000000e9200000)
 ParOldGen       total 92160K, used 39135K [0x0000000080000000, 0x0000000085a00000, 0x00000000d5580000)
  object space 92160K, 42% used [0x0000000080000000,0x0000000082637c68,0x0000000085a00000)
 Metaspace       used 63575K, capacity 66578K, committed 66728K, reserved 1105920K
  class space    used 8781K, capacity 9350K, committed 9392K, reserved 1048576K
Event: 120.902 GC heap after
Heap after GC invocations=15 (full 3):
 PSYoungGen      total 301056K, used 19270K [0x00000000d5580000, 0x00000000e9480000, 0x0000000100000000)
  eden space 280576K, 0% used [0x00000000d5580000,0x00000000d5580000,0x00000000e6780000)
  from space 20480K, 94% used [0x00000000e7e00000,0x00000000e90d1b40,0x00000000e9200000)
  to   space 23040K, 0% used [0x00000000e6780000,0x00000000e6780000,0x00000000e7e00000)
 ParOldGen       total 92160K, used 39143K [0x0000000080000000, 0x0000000085a00000, 0x00000000d5580000)
  object space 92160K, 42% used [0x0000000080000000,0x0000000082639c68,0x0000000085a00000)
 Metaspace       used 63575K, capacity 66578K, committed 66728K, reserved 1105920K
  class space    used 8781K, capacity 9350K, committed 9392K, reserved 1048576K
}
Event: 146.194 GC heap before
{Heap before GC invocations=16 (full 3):
 PSYoungGen      total 301056K, used 299846K [0x00000000d5580000, 0x00000000e9480000, 0x0000000100000000)
  eden space 280576K, 100% used [0x00000000d5580000,0x00000000e6780000,0x00000000e6780000)
  from space 20480K, 94% used [0x00000000e7e00000,0x00000000e90d1b40,0x00000000e9200000)
  to   space 23040K, 0% used [0x00000000e6780000,0x00000000e6780000,0x00000000e7e00000)
 ParOldGen       total 92160K, used 39143K [0x0000000080000000, 0x0000000085a00000, 0x00000000d5580000)
  object space 92160K, 42% used [0x0000000080000000,0x0000000082639c68,0x0000000085a00000)
 Metaspace       used 71458K, capacity 74964K, committed 75048K, reserved 1114112K
  class space    used 9798K, capacity 10461K, committed 10544K, reserved 1048576K
Event: 146.244 GC heap after
Heap after GC invocations=16 (full 3):
 PSYoungGen      total 303616K, used 21006K [0x00000000d5580000, 0x00000000e9480000, 0x0000000100000000)
  eden space 280576K, 0% used [0x00000000d5580000,0x00000000d5580000,0x00000000e6780000)
  from space 23040K, 91% used [0x00000000e6780000,0x00000000e7c03b18,0x00000000e7e00000)
  to   space 20480K, 0% used [0x00000000e7e00000,0x00000000e7e00000,0x00000000e9200000)
 ParOldGen       total 92160K, used 50325K [0x0000000080000000, 0x0000000085a00000, 0x00000000d5580000)
  object space 92160K, 54% used [0x0000000080000000,0x00000000831254b0,0x0000000085a00000)
 Metaspace       used 71458K, capacity 74964K, committed 75048K, reserved 1114112K
  class space    used 9798K, capacity 10461K, committed 10544K, reserved 1048576K
}

