# JRE version: OpenJDK Runtime Environment (8.0_242-b01) (build 1.8.0_242-release-1644-b01)
# Java VM: OpenJDK 64-Bit Server VM (25.242-b01 mixed mode windows-amd64 compressed oops)
Heap:
 PSYoungGen      total 105984K, used 35833K [0x00000000d5580000, 0x00000000dd200000, 0x0000000100000000)
  eden space 98816K, 29% used [0x00000000d5580000,0x00000000d7184400,0x00000000db600000)
  from space 7168K, 99% used [0x00000000dcb00000,0x00000000dd1fa020,0x00000000dd200000)
  to   space 13312K, 0% used [0x00000000db800000,0x00000000db800000,0x00000000dc500000)
 ParOldGen       total 135168K, used 43466K [0x0000000080000000, 0x0000000088400000, 0x00000000d5580000)
  object space 135168K, 32% used [0x0000000080000000,0x0000000082a729a8,0x0000000088400000)
 Metaspace       used 72034K, capacity 75736K, committed 76032K, reserved 1114112K
  class space    used 9974K, capacity 10711K, committed 10752K, reserved 1048576K
GC Heap History (10 events):
Event: 41.563 GC heap before
{Heap before GC invocations=19 (full 2):
 PSYoungGen      total 100864K, used 28415K [0x00000000d5580000, 0x00000000dc780000, 0x0000000100000000)
  eden space 87040K, 22% used [0x00000000d5580000,0x00000000d6903cd8,0x00000000daa80000)
  from space 13824K, 61% used [0x00000000db800000,0x00000000dc03c2a0,0x00000000dc580000)
  to   space 13824K, 0% used [0x00000000daa80000,0x00000000daa80000,0x00000000db800000)
 ParOldGen       total 88064K, used 26642K [0x0000000080000000, 0x0000000085600000, 0x00000000d5580000)
  object space 88064K, 30% used [0x0000000080000000,0x0000000081a04af8,0x0000000085600000)
 Metaspace       used 56492K, capacity 59026K, committed 59096K, reserved 1099776K
  class space    used 7706K, capacity 8250K, committed 8320K, reserved 1048576K
Event: 41.573 GC heap after
Heap after GC invocations=19 (full 2):
 PSYoungGen      total 100864K, used 2462K [0x00000000d5580000, 0x00000000dd880000, 0x0000000100000000)
  eden space 87040K, 0% used [0x00000000d5580000,0x00000000d5580000,0x00000000daa80000)
  from space 13824K, 17% used [0x00000000daa80000,0x00000000dace7b28,0x00000000db800000)
  to   space 13824K, 0% used [0x00000000dcb00000,0x00000000dcb00000,0x00000000dd880000)
 ParOldGen       total 88064K, used 31252K [0x0000000080000000, 0x0000000085600000, 0x00000000d5580000)
  object space 88064K, 35% used [0x0000000080000000,0x0000000081e850f0,0x0000000085600000)
 Metaspace       used 56492K, capacity 59026K, committed 59096K, reserved 1099776K
  class space    used 7706K, capacity 8250K, committed 8320K, reserved 1048576K
}
Event: 41.573 GC heap before
{Heap before GC invocations=20 (full 3):
 PSYoungGen      total 100864K, used 2462K [0x00000000d5580000, 0x00000000dd880000, 0x0000000100000000)
  eden space 87040K, 0% used [0x00000000d5580000,0x00000000d5580000,0x00000000daa80000)
  from space 13824K, 17% used [0x00000000daa80000,0x00000000dace7b28,0x00000000db800000)
  to   space 13824K, 0% used [0x00000000dcb00000,0x00000000dcb00000,0x00000000dd880000)
 ParOldGen       total 88064K, used 31252K [0x0000000080000000, 0x0000000085600000, 0x00000000d5580000)
  object space 88064K, 35% used [0x0000000080000000,0x0000000081e850f0,0x0000000085600000)
 Metaspace       used 56492K, capacity 59026K, committed 59096K, reserved 1099776K
  class space    used 7706K, capacity 8250K, committed 8320K, reserved 1048576K
Event: 42.060 GC heap after
Heap after GC invocations=20 (full 3):
 PSYoungGen      total 100864K, used 0K [0x00000000d5580000, 0x00000000dd880000, 0x0000000100000000)
  eden space 87040K, 0% used [0x00000000d5580000,0x00000000d5580000,0x00000000daa80000)
  from space 13824K, 0% used [0x00000000daa80000,0x00000000daa80000,0x00000000db800000)
  to   space 13824K, 0% used [0x00000000dcb00000,0x00000000dcb00000,0x00000000dd880000)
 ParOldGen       total 135168K, used 31697K [0x0000000080000000, 0x0000000088400000, 0x00000000d5580000)
  object space 135168K, 23% used [0x0000000080000000,0x0000000081ef4400,0x0000000088400000)
 Metaspace       used 56459K, capacity 58912K, committed 59096K, reserved 1099776K
  class space    used 7696K, capacity 8231K, committed 8320K, reserved 1048576K
}
Event: 44.683 GC heap before
{Heap before GC invocations=21 (full 3):
 PSYoungGen      total 100864K, used 87040K [0x00000000d5580000, 0x00000000dd880000, 0x0000000100000000)
  eden space 87040K, 100% used [0x00000000d5580000,0x00000000daa80000,0x00000000daa80000)
  from space 13824K, 0% used [0x00000000daa80000,0x00000000daa80000,0x00000000db800000)
  to   space 13824K, 0% used [0x00000000dcb00000,0x00000000dcb00000,0x00000000dd880000)
 ParOldGen       total 135168K, used 31697K [0x0000000080000000, 0x0000000088400000, 0x00000000d5580000)
  object space 135168K, 23% used [0x0000000080000000,0x0000000081ef4400,0x0000000088400000)
 Metaspace       used 60985K, capacity 63680K, committed 63744K, reserved 1103872K
  class space    used 8370K, capacity 8936K, committed 8960K, reserved 1048576K
Event: 44.698 GC heap after
Heap after GC invocations=21 (full 3):
 PSYoungGen      total 105984K, used 7079K [0x00000000d5580000, 0x00000000dd200000, 0x0000000100000000)
  eden space 98816K, 0% used [0x00000000d5580000,0x00000000d5580000,0x00000000db600000)
  from space 7168K, 98% used [0x00000000dcb00000,0x00000000dd1e9df8,0x00000000dd200000)
  to   space 13312K, 0% used [0x00000000db800000,0x00000000db800000,0x00000000dc500000)
 ParOldGen       total 135168K, used 31705K [0x0000000080000000, 0x0000000088400000, 0x00000000d5580000)
  object space 135168K, 23% used [0x0000000080000000,0x0000000081ef6400,0x0000000088400000)
 Metaspace       used 60985K, capacity 63680K, committed 63744K, reserved 1103872K
  class space    used 8370K, capacity 8936K, committed 8960K, reserved 1048576K
}
Event: 47.221 GC heap before
{Heap before GC invocations=22 (full 3):
 PSYoungGen      total 105984K, used 105895K [0x00000000d5580000, 0x00000000dd200000, 0x0000000100000000)
  eden space 98816K, 100% used [0x00000000d5580000,0x00000000db600000,0x00000000db600000)
  from space 7168K, 98% used [0x00000000dcb00000,0x00000000dd1e9df8,0x00000000dd200000)
  to   space 13312K, 0% used [0x00000000db800000,0x00000000db800000,0x00000000dc500000)
 ParOldGen       total 135168K, used 31705K [0x0000000080000000, 0x0000000088400000, 0x00000000d5580000)
  object space 135168K, 23% used [0x0000000080000000,0x0000000081ef6400,0x0000000088400000)
 Metaspace       used 65971K, capacity 69028K, committed 69248K, reserved 1107968K
  class space    used 9114K, capacity 9750K, committed 9856K, reserved 1048576K
Event: 47.243 GC heap after
Heap after GC invocations=22 (full 3):
 PSYoungGen      total 112128K, used 13308K [0x00000000d5580000, 0x00000000dd200000, 0x0000000100000000)
  eden space 98816K, 0% used [0x00000000d5580000,0x00000000d5580000,0x00000000db600000)
  from space 13312K, 99% used [0x00000000db800000,0x00000000dc4ff1a8,0x00000000dc500000)
  to   space 7168K, 0% used [0x00000000dcb00000,0x00000000dcb00000,0x00000000dd200000)
 ParOldGen       total 135168K, used 31713K [0x0000000080000000, 0x0000000088400000, 0x00000000d5580000)
  object space 135168K, 23% used [0x0000000080000000,0x0000000081ef8400,0x0000000088400000)
 Metaspace       used 65971K, capacity 69028K, committed 69248K, reserved 1107968K
  class space    used 9114K, capacity 9750K, committed 9856K, reserved 1048576K
}
Event: 52.424 GC heap before
{Heap before GC invocations=23 (full 3):
 PSYoungGen      total 112128K, used 112124K [0x00000000d5580000, 0x00000000dd200000, 0x0000000100000000)
  eden space 98816K, 100% used [0x00000000d5580000,0x00000000db600000,0x00000000db600000)
  from space 13312K, 99% used [0x00000000db800000,0x00000000dc4ff1a8,0x00000000dc500000)
  to   space 7168K, 0% used [0x00000000dcb00000,0x00000000dcb00000,0x00000000dd200000)
 ParOldGen       total 135168K, used 31713K [0x0000000080000000, 0x0000000088400000, 0x00000000d5580000)
  object space 135168K, 23% used [0x0000000080000000,0x0000000081ef8400,0x0000000088400000)
 Metaspace       used 71791K, capacity 75584K, committed 75776K, reserved 1114112K
  class space    used 9965K, capacity 10709K, committed 10752K, reserved 1048576K
Event: 52.451 GC heap after
Heap after GC invocations=23 (full 3):
 PSYoungGen      total 105984K, used 7144K [0x00000000d5580000, 0x00000000dd200000, 0x0000000100000000)
  eden space 98816K, 0% used [0x00000000d5580000,0x00000000d5580000,0x00000000db600000)
  from space 7168K, 99% used [0x00000000dcb00000,0x00000000dd1fa020,0x00000000dd200000)
  to   space 13312K, 0% used [0x00000000db800000,0x00000000db800000,0x00000000dc500000)
 ParOldGen       total 135168K, used 43466K [0x0000000080000000, 0x0000000088400000, 0x00000000d5580000)
  object space 135168K, 32% used [0x0000000080000000,0x0000000082a729a8,0x0000000088400000)
 Metaspace       used 71791K, capacity 75584K, committed 75776K, reserved 1114112K
  class space    used 9965K, capacity 10709K, committed 10752K, reserved 1048576K
}

