# JRE version: OpenJDK Runtime Environment (8.0_242-b01) (build 1.8.0_242-release-1644-b01)
# Java VM: OpenJDK 64-Bit Server VM (25.242-b01 mixed mode windows-amd64 compressed oops)
Heap:
 PSYoungGen      total 263168K, used 139828K [0x00000000d5580000, 0x00000000e7b00000, 0x0000000100000000)
  eden space 246784K, 50% used [0x00000000d5580000,0x00000000dce457b8,0x00000000e4680000)
  from space 16384K, 98% used [0x00000000e6b00000,0x00000000e7ac79c0,0x00000000e7b00000)
  to   space 22016K, 0% used [0x00000000e5000000,0x00000000e5000000,0x00000000e6580000)
 ParOldGen       total 102912K, used 38959K [0x0000000080000000, 0x0000000086480000, 0x00000000d5580000)
  object space 102912K, 37% used [0x0000000080000000,0x000000008260bf38,0x0000000086480000)
 Metaspace       used 65073K, capacity 68348K, committed 68520K, reserved 1107968K
  class space    used 8933K, capacity 9567K, committed 9648K, reserved 1048576K
GC Heap History (10 events):
Event: 7.216 GC heap before
{Heap before GC invocations=11 (full 2):
 PSYoungGen      total 140288K, used 11120K [0x00000000d5580000, 0x00000000e2780000, 0x0000000100000000)
  eden space 129024K, 0% used [0x00000000d5580000,0x00000000d5580000,0x00000000dd380000)
  from space 11264K, 98% used [0x00000000dd380000,0x00000000dde5c370,0x00000000dde80000)
  to   space 12800K, 0% used [0x00000000e1b00000,0x00000000e1b00000,0x00000000e2780000)
 ParOldGen       total 47104K, used 6668K [0x0000000080000000, 0x0000000082e00000, 0x00000000d5580000)
  object space 47104K, 14% used [0x0000000080000000,0x0000000080683330,0x0000000082e00000)
 Metaspace       used 34266K, capacity 35398K, committed 35496K, reserved 1079296K
  class space    used 4713K, capacity 5002K, committed 5040K, reserved 1048576K
Event: 7.320 GC heap after
Heap after GC invocations=11 (full 2):
 PSYoungGen      total 140288K, used 0K [0x00000000d5580000, 0x00000000e2780000, 0x0000000100000000)
  eden space 129024K, 0% used [0x00000000d5580000,0x00000000d5580000,0x00000000dd380000)
  from space 11264K, 0% used [0x00000000dd380000,0x00000000dd380000,0x00000000dde80000)
  to   space 12800K, 0% used [0x00000000e1b00000,0x00000000e1b00000,0x00000000e2780000)
 ParOldGen       total 66048K, used 17277K [0x0000000080000000, 0x0000000084080000, 0x00000000d5580000)
  object space 66048K, 26% used [0x0000000080000000,0x00000000810df558,0x0000000084080000)
 Metaspace       used 34266K, capacity 35398K, committed 35496K, reserved 1079296K
  class space    used 4713K, capacity 5002K, committed 5040K, reserved 1048576K
}
Event: 9.850 GC heap before
{Heap before GC invocations=12 (full 2):
 PSYoungGen      total 140288K, used 129024K [0x00000000d5580000, 0x00000000e2780000, 0x0000000100000000)
  eden space 129024K, 100% used [0x00000000d5580000,0x00000000dd380000,0x00000000dd380000)
  from space 11264K, 0% used [0x00000000dd380000,0x00000000dd380000,0x00000000dde80000)
  to   space 12800K, 0% used [0x00000000e1b00000,0x00000000e1b00000,0x00000000e2780000)
 ParOldGen       total 66048K, used 17277K [0x0000000080000000, 0x0000000084080000, 0x00000000d5580000)
  object space 66048K, 26% used [0x0000000080000000,0x00000000810df558,0x0000000084080000)
 Metaspace       used 40772K, capacity 42572K, committed 42664K, reserved 1085440K
  class space    used 5599K, capacity 6012K, committed 6064K, reserved 1048576K
Event: 9.870 GC heap after
Heap after GC invocations=12 (full 2):
 PSYoungGen      total 198144K, used 10789K [0x00000000d5580000, 0x00000000e2680000, 0x0000000100000000)
  eden space 186368K, 0% used [0x00000000d5580000,0x00000000d5580000,0x00000000e0b80000)
  from space 11776K, 91% used [0x00000000e1b00000,0x00000000e2589478,0x00000000e2680000)
  to   space 13824K, 0% used [0x00000000e0b80000,0x00000000e0b80000,0x00000000e1900000)
 ParOldGen       total 66048K, used 17285K [0x0000000080000000, 0x0000000084080000, 0x00000000d5580000)
  object space 66048K, 26% used [0x0000000080000000,0x00000000810e1558,0x0000000084080000)
 Metaspace       used 40772K, capacity 42572K, committed 42664K, reserved 1085440K
  class space    used 5599K, capacity 6012K, committed 6064K, reserved 1048576K
}
Event: 14.131 GC heap before
{Heap before GC invocations=13 (full 2):
 PSYoungGen      total 198144K, used 191256K [0x00000000d5580000, 0x00000000e2680000, 0x0000000100000000)
  eden space 186368K, 96% used [0x00000000d5580000,0x00000000e05bcdc0,0x00000000e0b80000)
  from space 11776K, 91% used [0x00000000e1b00000,0x00000000e2589478,0x00000000e2680000)
  to   space 13824K, 0% used [0x00000000e0b80000,0x00000000e0b80000,0x00000000e1900000)
 ParOldGen       total 66048K, used 17285K [0x0000000080000000, 0x0000000084080000, 0x00000000d5580000)
  object space 66048K, 26% used [0x0000000080000000,0x00000000810e1558,0x0000000084080000)
 Metaspace       used 56628K, capacity 58974K, committed 59160K, reserved 1099776K
  class space    used 7757K, capacity 8244K, committed 8368K, reserved 1048576K
Event: 14.184 GC heap after
Heap after GC invocations=13 (full 2):
 PSYoungGen      total 200192K, used 13797K [0x00000000d5580000, 0x00000000e7f00000, 0x0000000100000000)
  eden space 186368K, 0% used [0x00000000d5580000,0x00000000d5580000,0x00000000e0b80000)
  from space 13824K, 99% used [0x00000000e0b80000,0x00000000e18f94a0,0x00000000e1900000)
  to   space 20480K, 0% used [0x00000000e6b00000,0x00000000e6b00000,0x00000000e7f00000)
 ParOldGen       total 66048K, used 30726K [0x0000000080000000, 0x0000000084080000, 0x00000000d5580000)
  object space 66048K, 46% used [0x0000000080000000,0x0000000081e019e0,0x0000000084080000)
 Metaspace       used 56628K, capacity 58974K, committed 59160K, reserved 1099776K
  class space    used 7757K, capacity 8244K, committed 8368K, reserved 1048576K
}
Event: 14.184 GC heap before
{Heap before GC invocations=14 (full 3):
 PSYoungGen      total 200192K, used 13797K [0x00000000d5580000, 0x00000000e7f00000, 0x0000000100000000)
  eden space 186368K, 0% used [0x00000000d5580000,0x00000000d5580000,0x00000000e0b80000)
  from space 13824K, 99% used [0x00000000e0b80000,0x00000000e18f94a0,0x00000000e1900000)
  to   space 20480K, 0% used [0x00000000e6b00000,0x00000000e6b00000,0x00000000e7f00000)
 ParOldGen       total 66048K, used 30726K [0x0000000080000000, 0x0000000084080000, 0x00000000d5580000)
  object space 66048K, 46% used [0x0000000080000000,0x0000000081e019e0,0x0000000084080000)
 Metaspace       used 56628K, capacity 58974K, committed 59160K, reserved 1099776K
  class space    used 7757K, capacity 8244K, committed 8368K, reserved 1048576K
Event: 14.594 GC heap after
Heap after GC invocations=14 (full 3):
 PSYoungGen      total 200192K, used 0K [0x00000000d5580000, 0x00000000e7f00000, 0x0000000100000000)
  eden space 186368K, 0% used [0x00000000d5580000,0x00000000d5580000,0x00000000e0b80000)
  from space 13824K, 0% used [0x00000000e0b80000,0x00000000e0b80000,0x00000000e1900000)
  to   space 20480K, 0% used [0x00000000e6b00000,0x00000000e6b00000,0x00000000e7f00000)
 ParOldGen       total 102912K, used 38951K [0x0000000080000000, 0x0000000086480000, 0x00000000d5580000)
  object space 102912K, 37% used [0x0000000080000000,0x0000000082609f38,0x0000000086480000)
 Metaspace       used 56595K, capacity 58866K, committed 59160K, reserved 1099776K
  class space    used 7747K, capacity 8226K, committed 8368K, reserved 1048576K
}
Event: 18.042 GC heap before
{Heap before GC invocations=15 (full 3):
 PSYoungGen      total 200192K, used 186368K [0x00000000d5580000, 0x00000000e7f00000, 0x0000000100000000)
  eden space 186368K, 100% used [0x00000000d5580000,0x00000000e0b80000,0x00000000e0b80000)
  from space 13824K, 0% used [0x00000000e0b80000,0x00000000e0b80000,0x00000000e1900000)
  to   space 20480K, 0% used [0x00000000e6b00000,0x00000000e6b00000,0x00000000e7f00000)
 ParOldGen       total 102912K, used 38951K [0x0000000080000000, 0x0000000086480000, 0x00000000d5580000)
  object space 102912K, 37% used [0x0000000080000000,0x0000000082609f38,0x0000000086480000)
 Metaspace       used 64113K, capacity 67292K, committed 67624K, reserved 1107968K
  class space    used 8858K, capacity 9433K, committed 9520K, reserved 1048576K
Event: 18.070 GC heap after
Heap after GC invocations=15 (full 3):
 PSYoungGen      total 263168K, used 16158K [0x00000000d5580000, 0x00000000e7b00000, 0x0000000100000000)
  eden space 246784K, 0% used [0x00000000d5580000,0x00000000d5580000,0x00000000e4680000)
  from space 16384K, 98% used [0x00000000e6b00000,0x00000000e7ac79c0,0x00000000e7b00000)
  to   space 22016K, 0% used [0x00000000e5000000,0x00000000e5000000,0x00000000e6580000)
 ParOldGen       total 102912K, used 38959K [0x0000000080000000, 0x0000000086480000, 0x00000000d5580000)
  object space 102912K, 37% used [0x0000000080000000,0x000000008260bf38,0x0000000086480000)
 Metaspace       used 64113K, capacity 67292K, committed 67624K, reserved 1107968K
  class space    used 8858K, capacity 9433K, committed 9520K, reserved 1048576K
}

