# JRE version: OpenJDK Runtime Environment (8.0_242-b01) (build 1.8.0_242-release-1644-b01)
# Java VM: OpenJDK 64-Bit Server VM (25.242-b01 mixed mode windows-amd64 compressed oops)
Heap:
 PSYoungGen      total 237056K, used 118401K [0x00000000d5580000, 0x00000000e7b00000, 0x0000000100000000)
  eden space 230400K, 51% used [0x00000000d5580000,0x00000000dc9206d0,0x00000000e3680000)
  from space 6656K, 0% used [0x00000000e7480000,0x00000000e7480000,0x00000000e7b00000)
  to   space 32256K, 0% used [0x00000000e3c00000,0x00000000e3c00000,0x00000000e5b80000)
 ParOldGen       total 175616K, used 78611K [0x0000000080000000, 0x000000008ab80000, 0x00000000d5580000)
  object space 175616K, 44% used [0x0000000080000000,0x0000000084cc4da0,0x000000008ab80000)
 Metaspace       used 93980K, capacity 100832K, committed 101144K, reserved 1136640K
  class space    used 12498K, capacity 13762K, committed 13872K, reserved 1048576K
GC Heap History (10 events):
Event: 1385.699 GC heap before
{Heap before GC invocations=22 (full 3):
 PSYoungGen      total 283648K, used 283463K [0x00000000d5580000, 0x00000000e9780000, 0x0000000100000000)
  eden space 271360K, 100% used [0x00000000d5580000,0x00000000e5e80000,0x00000000e5e80000)
  from space 12288K, 98% used [0x00000000e8b80000,0x00000000e9751da8,0x00000000e9780000)
  to   space 19968K, 0% used [0x00000000e7080000,0x00000000e7080000,0x00000000e8400000)
 ParOldGen       total 101888K, used 55418K [0x0000000080000000, 0x0000000086380000, 0x00000000d5580000)
  object space 101888K, 54% used [0x0000000080000000,0x000000008361eac8,0x0000000086380000)
 Metaspace       used 76402K, capacity 80662K, committed 80920K, reserved 1120256K
  class space    used 9957K, capacity 10710K, committed 10800K, reserved 1048576K
Event: 1385.719 GC heap after
Heap after GC invocations=22 (full 3):
 PSYoungGen      total 270336K, used 10073K [0x00000000d5580000, 0x00000000e8c00000, 0x0000000100000000)
  eden space 260096K, 0% used [0x00000000d5580000,0x00000000d5580000,0x00000000e5380000)
  from space 10240K, 98% used [0x00000000e7080000,0x00000000e7a567e0,0x00000000e7a80000)
  to   space 17920K, 0% used [0x00000000e7a80000,0x00000000e7a80000,0x00000000e8c00000)
 ParOldGen       total 101888K, used 55426K [0x0000000080000000, 0x0000000086380000, 0x00000000d5580000)
  object space 101888K, 54% used [0x0000000080000000,0x0000000083620ac8,0x0000000086380000)
 Metaspace       used 76402K, capacity 80662K, committed 80920K, reserved 1120256K
  class space    used 9957K, capacity 10710K, committed 10800K, reserved 1048576K
}
Event: 1397.110 GC heap before
{Heap before GC invocations=23 (full 3):
 PSYoungGen      total 270336K, used 270169K [0x00000000d5580000, 0x00000000e8c00000, 0x0000000100000000)
  eden space 260096K, 100% used [0x00000000d5580000,0x00000000e5380000,0x00000000e5380000)
  from space 10240K, 98% used [0x00000000e7080000,0x00000000e7a567e0,0x00000000e7a80000)
  to   space 17920K, 0% used [0x00000000e7a80000,0x00000000e7a80000,0x00000000e8c00000)
 ParOldGen       total 101888K, used 55426K [0x0000000080000000, 0x0000000086380000, 0x00000000d5580000)
  object space 101888K, 54% used [0x0000000080000000,0x0000000083620ac8,0x0000000086380000)
 Metaspace       used 76476K, capacity 80810K, committed 80920K, reserved 1120256K
  class space    used 9965K, capacity 10724K, committed 10800K, reserved 1048576K
Event: 1397.129 GC heap after
Heap after GC invocations=23 (full 3):
 PSYoungGen      total 263168K, used 12816K [0x00000000d5580000, 0x00000000e8780000, 0x0000000100000000)
  eden space 249856K, 0% used [0x00000000d5580000,0x00000000d5580000,0x00000000e4980000)
  from space 13312K, 96% used [0x00000000e7a80000,0x00000000e8704198,0x00000000e8780000)
  to   space 19456K, 0% used [0x00000000e6180000,0x00000000e6180000,0x00000000e7480000)
 ParOldGen       total 101888K, used 55434K [0x0000000080000000, 0x0000000086380000, 0x00000000d5580000)
  object space 101888K, 54% used [0x0000000080000000,0x0000000083622ac8,0x0000000086380000)
 Metaspace       used 76476K, capacity 80810K, committed 80920K, reserved 1120256K
  class space    used 9965K, capacity 10724K, committed 10800K, reserved 1048576K
}
Event: 1481.366 GC heap before
{Heap before GC invocations=24 (full 3):
 PSYoungGen      total 263168K, used 262672K [0x00000000d5580000, 0x00000000e8780000, 0x0000000100000000)
  eden space 249856K, 100% used [0x00000000d5580000,0x00000000e4980000,0x00000000e4980000)
  from space 13312K, 96% used [0x00000000e7a80000,0x00000000e8704198,0x00000000e8780000)
  to   space 19456K, 0% used [0x00000000e6180000,0x00000000e6180000,0x00000000e7480000)
 ParOldGen       total 101888K, used 55434K [0x0000000080000000, 0x0000000086380000, 0x00000000d5580000)
  object space 101888K, 54% used [0x0000000080000000,0x0000000083622ac8,0x0000000086380000)
 Metaspace       used 83627K, capacity 88608K, committed 88856K, reserved 1126400K
  class space    used 10833K, capacity 11710K, committed 11824K, reserved 1048576K
Event: 1481.398 GC heap after
Heap after GC invocations=24 (full 3):
 PSYoungGen      total 259584K, used 19444K [0x00000000d5580000, 0x00000000e7b00000, 0x0000000100000000)
  eden space 240128K, 0% used [0x00000000d5580000,0x00000000d5580000,0x00000000e4000000)
  from space 19456K, 99% used [0x00000000e6180000,0x00000000e747d270,0x00000000e7480000)
  to   space 6656K, 0% used [0x00000000e7480000,0x00000000e7480000,0x00000000e7b00000)
 ParOldGen       total 101888K, used 56626K [0x0000000080000000, 0x0000000086380000, 0x00000000d5580000)
  object space 101888K, 55% used [0x0000000080000000,0x000000008374cac8,0x0000000086380000)
 Metaspace       used 83627K, capacity 88608K, committed 88856K, reserved 1126400K
  class space    used 10833K, capacity 11710K, committed 11824K, reserved 1048576K
}
Event: 1485.956 GC heap before
{Heap before GC invocations=25 (full 3):
 PSYoungGen      total 259584K, used 259548K [0x00000000d5580000, 0x00000000e7b00000, 0x0000000100000000)
  eden space 240128K, 99% used [0x00000000d5580000,0x00000000e3ff9dd8,0x00000000e4000000)
  from space 19456K, 99% used [0x00000000e6180000,0x00000000e747d270,0x00000000e7480000)
  to   space 6656K, 0% used [0x00000000e7480000,0x00000000e7480000,0x00000000e7b00000)
 ParOldGen       total 101888K, used 56626K [0x0000000080000000, 0x0000000086380000, 0x00000000d5580000)
  object space 101888K, 55% used [0x0000000080000000,0x000000008374cac8,0x0000000086380000)
 Metaspace       used 85477K, capacity 90604K, committed 90776K, reserved 1128448K
  class space    used 11076K, capacity 11940K, committed 11952K, reserved 1048576K
Event: 1486.007 GC heap after
Heap after GC invocations=25 (full 3):
 PSYoungGen      total 237056K, used 6640K [0x00000000d5580000, 0x00000000e7b00000, 0x0000000100000000)
  eden space 230400K, 0% used [0x00000000d5580000,0x00000000d5580000,0x00000000e3680000)
  from space 6656K, 99% used [0x00000000e7480000,0x00000000e7afc0e0,0x00000000e7b00000)
  to   space 32256K, 0% used [0x00000000e3c00000,0x00000000e3c00000,0x00000000e5b80000)
 ParOldGen       total 101888K, used 91836K [0x0000000080000000, 0x0000000086380000, 0x00000000d5580000)
  object space 101888K, 90% used [0x0000000080000000,0x00000000859af098,0x0000000086380000)
 Metaspace       used 85477K, capacity 90604K, committed 90776K, reserved 1128448K
  class space    used 11076K, capacity 11940K, committed 11952K, reserved 1048576K
}
Event: 1486.007 GC heap before
{Heap before GC invocations=26 (full 4):
 PSYoungGen      total 237056K, used 6640K [0x00000000d5580000, 0x00000000e7b00000, 0x0000000100000000)
  eden space 230400K, 0% used [0x00000000d5580000,0x00000000d5580000,0x00000000e3680000)
  from space 6656K, 99% used [0x00000000e7480000,0x00000000e7afc0e0,0x00000000e7b00000)
  to   space 32256K, 0% used [0x00000000e3c00000,0x00000000e3c00000,0x00000000e5b80000)
 ParOldGen       total 101888K, used 91836K [0x0000000080000000, 0x0000000086380000, 0x00000000d5580000)
  object space 101888K, 90% used [0x0000000080000000,0x00000000859af098,0x0000000086380000)
 Metaspace       used 85477K, capacity 90604K, committed 90776K, reserved 1128448K
  class space    used 11076K, capacity 11940K, committed 11952K, reserved 1048576K
Event: 1486.423 GC heap after
Heap after GC invocations=26 (full 4):
 PSYoungGen      total 237056K, used 0K [0x00000000d5580000, 0x00000000e7b00000, 0x0000000100000000)
  eden space 230400K, 0% used [0x00000000d5580000,0x00000000d5580000,0x00000000e3680000)
  from space 6656K, 0% used [0x00000000e7480000,0x00000000e7480000,0x00000000e7b00000)
  to   space 32256K, 0% used [0x00000000e3c00000,0x00000000e3c00000,0x00000000e5b80000)
 ParOldGen       total 175616K, used 78611K [0x0000000080000000, 0x000000008ab80000, 0x00000000d5580000)
  object space 175616K, 44% used [0x0000000080000000,0x0000000084cc4da0,0x000000008ab80000)
 Metaspace       used 85208K, capacity 89822K, committed 90776K, reserved 1128448K
  class space    used 10988K, capacity 11787K, committed 11952K, reserved 1048576K
}

