# JRE version: OpenJDK Runtime Environment (8.0_242-b01) (build 1.8.0_242-release-1644-b01)
# Java VM: OpenJDK 64-Bit Server VM (25.242-b01 mixed mode windows-amd64 compressed oops)
Heap:
 PSYoungGen      total 217600K, used 154168K [0x00000000d5580000, 0x00000000e7300000, 0x0000000100000000)
  eden space 193024K, 67% used [0x00000000d5580000,0x00000000dd412180,0x00000000e1200000)
  from space 24576K, 99% used [0x00000000e1200000,0x00000000e29fc1b8,0x00000000e2a00000)
  to   space 34816K, 0% used [0x00000000e5100000,0x00000000e5100000,0x00000000e7300000)
 ParOldGen       total 134656K, used 66492K [0x0000000080000000, 0x0000000088380000, 0x00000000d5580000)
  object space 134656K, 49% used [0x0000000080000000,0x00000000840ef330,0x0000000088380000)
 Metaspace       used 92012K, capacity 97862K, committed 98068K, reserved 1134592K
  class space    used 12198K, capacity 13363K, committed 13372K, reserved 1048576K
GC Heap History (10 events):
Event: 1735.630 GC heap before
{Heap before GC invocations=16 (full 3):
 PSYoungGen      total 145408K, used 130048K [0x00000000d5580000, 0x00000000e1000000, 0x0000000100000000)
  eden space 130048K, 100% used [0x00000000d5580000,0x00000000dd480000,0x00000000dd480000)
  from space 15360K, 0% used [0x00000000e0100000,0x00000000e0100000,0x00000000e1000000)
  to   space 19456K, 0% used [0x00000000dea00000,0x00000000dea00000,0x00000000dfd00000)
 ParOldGen       total 134656K, used 32779K [0x0000000080000000, 0x0000000088380000, 0x00000000d5580000)
  object space 134656K, 24% used [0x0000000080000000,0x0000000082002c78,0x0000000088380000)
 Metaspace       used 61149K, capacity 64124K, committed 64404K, reserved 1105920K
  class space    used 7730K, capacity 8338K, committed 8380K, reserved 1048576K
Event: 1735.641 GC heap after
Heap after GC invocations=16 (full 3):
 PSYoungGen      total 171520K, used 11192K [0x00000000d5580000, 0x00000000e1680000, 0x0000000100000000)
  eden space 152064K, 0% used [0x00000000d5580000,0x00000000d5580000,0x00000000dea00000)
  from space 19456K, 57% used [0x00000000dea00000,0x00000000df4ee018,0x00000000dfd00000)
  to   space 19456K, 0% used [0x00000000e0380000,0x00000000e0380000,0x00000000e1680000)
 ParOldGen       total 134656K, used 32787K [0x0000000080000000, 0x0000000088380000, 0x00000000d5580000)
  object space 134656K, 24% used [0x0000000080000000,0x0000000082004c78,0x0000000088380000)
 Metaspace       used 61149K, capacity 64124K, committed 64404K, reserved 1105920K
  class space    used 7730K, capacity 8338K, committed 8380K, reserved 1048576K
}
Event: 1835.793 GC heap before
{Heap before GC invocations=17 (full 3):
 PSYoungGen      total 171520K, used 163256K [0x00000000d5580000, 0x00000000e1680000, 0x0000000100000000)
  eden space 152064K, 100% used [0x00000000d5580000,0x00000000dea00000,0x00000000dea00000)
  from space 19456K, 57% used [0x00000000dea00000,0x00000000df4ee018,0x00000000dfd00000)
  to   space 19456K, 0% used [0x00000000e0380000,0x00000000e0380000,0x00000000e1680000)
 ParOldGen       total 134656K, used 32787K [0x0000000080000000, 0x0000000088380000, 0x00000000d5580000)
  object space 134656K, 24% used [0x0000000080000000,0x0000000082004c78,0x0000000088380000)
 Metaspace       used 68749K, capacity 72514K, committed 72596K, reserved 1112064K
  class space    used 8898K, capacity 9625K, committed 9660K, reserved 1048576K
Event: 1835.807 GC heap after
Heap after GC invocations=17 (full 3):
 PSYoungGen      total 175616K, used 19454K [0x00000000d5580000, 0x00000000e3000000, 0x0000000100000000)
  eden space 156160K, 0% used [0x00000000d5580000,0x00000000d5580000,0x00000000dee00000)
  from space 19456K, 99% used [0x00000000e0380000,0x00000000e167fb28,0x00000000e1680000)
  to   space 22016K, 0% used [0x00000000dee00000,0x00000000dee00000,0x00000000e0380000)
 ParOldGen       total 134656K, used 33405K [0x0000000080000000, 0x0000000088380000, 0x00000000d5580000)
  object space 134656K, 24% used [0x0000000080000000,0x000000008209f7a8,0x0000000088380000)
 Metaspace       used 68749K, capacity 72514K, committed 72596K, reserved 1112064K
  class space    used 8898K, capacity 9625K, committed 9660K, reserved 1048576K
}
Event: 1837.922 GC heap before
{Heap before GC invocations=18 (full 3):
 PSYoungGen      total 175616K, used 175614K [0x00000000d5580000, 0x00000000e3000000, 0x0000000100000000)
  eden space 156160K, 100% used [0x00000000d5580000,0x00000000dee00000,0x00000000dee00000)
  from space 19456K, 99% used [0x00000000e0380000,0x00000000e167fb28,0x00000000e1680000)
  to   space 22016K, 0% used [0x00000000dee00000,0x00000000dee00000,0x00000000e0380000)
 ParOldGen       total 134656K, used 33405K [0x0000000080000000, 0x0000000088380000, 0x00000000d5580000)
  object space 134656K, 24% used [0x0000000080000000,0x000000008209f7a8,0x0000000088380000)
 Metaspace       used 76990K, capacity 81086K, committed 81428K, reserved 1120256K
  class space    used 10106K, capacity 10944K, committed 11068K, reserved 1048576K
Event: 1837.951 GC heap after
Heap after GC invocations=18 (full 3):
 PSYoungGen      total 178176K, used 13939K [0x00000000d5580000, 0x00000000e3f80000, 0x0000000100000000)
  eden space 156160K, 0% used [0x00000000d5580000,0x00000000d5580000,0x00000000dee00000)
  from space 22016K, 63% used [0x00000000dee00000,0x00000000dfb9cc30,0x00000000e0380000)
  to   space 22016K, 0% used [0x00000000e2a00000,0x00000000e2a00000,0x00000000e3f80000)
 ParOldGen       total 134656K, used 47821K [0x0000000080000000, 0x0000000088380000, 0x00000000d5580000)
  object space 134656K, 35% used [0x0000000080000000,0x0000000082eb3640,0x0000000088380000)
 Metaspace       used 76990K, capacity 81086K, committed 81428K, reserved 1120256K
  class space    used 10106K, capacity 10944K, committed 11068K, reserved 1048576K
}
Event: 1841.528 GC heap before
{Heap before GC invocations=19 (full 3):
 PSYoungGen      total 178176K, used 170099K [0x00000000d5580000, 0x00000000e3f80000, 0x0000000100000000)
  eden space 156160K, 100% used [0x00000000d5580000,0x00000000dee00000,0x00000000dee00000)
  from space 22016K, 63% used [0x00000000dee00000,0x00000000dfb9cc30,0x00000000e0380000)
  to   space 22016K, 0% used [0x00000000e2a00000,0x00000000e2a00000,0x00000000e3f80000)
 ParOldGen       total 134656K, used 47821K [0x0000000080000000, 0x0000000088380000, 0x00000000d5580000)
  object space 134656K, 35% used [0x0000000080000000,0x0000000082eb3640,0x0000000088380000)
 Metaspace       used 82157K, capacity 86934K, committed 87060K, reserved 1124352K
  class space    used 10873K, capacity 11801K, committed 11836K, reserved 1048576K
Event: 1841.554 GC heap after
Heap after GC invocations=19 (full 3):
 PSYoungGen      total 215040K, used 20897K [0x00000000d5580000, 0x00000000e4580000, 0x0000000100000000)
  eden space 193024K, 0% used [0x00000000d5580000,0x00000000d5580000,0x00000000e1200000)
  from space 22016K, 94% used [0x00000000e2a00000,0x00000000e3e68628,0x00000000e3f80000)
  to   space 24576K, 0% used [0x00000000e1200000,0x00000000e1200000,0x00000000e2a00000)
 ParOldGen       total 134656K, used 47829K [0x0000000080000000, 0x0000000088380000, 0x00000000d5580000)
  object space 134656K, 35% used [0x0000000080000000,0x0000000082eb5640,0x0000000088380000)
 Metaspace       used 82157K, capacity 86934K, committed 87060K, reserved 1124352K
  class space    used 10873K, capacity 11801K, committed 11836K, reserved 1048576K
}
Event: 1882.293 GC heap before
{Heap before GC invocations=20 (full 3):
 PSYoungGen      total 215040K, used 213921K [0x00000000d5580000, 0x00000000e4580000, 0x0000000100000000)
  eden space 193024K, 100% used [0x00000000d5580000,0x00000000e1200000,0x00000000e1200000)
  from space 22016K, 94% used [0x00000000e2a00000,0x00000000e3e68628,0x00000000e3f80000)
  to   space 24576K, 0% used [0x00000000e1200000,0x00000000e1200000,0x00000000e2a00000)
 ParOldGen       total 134656K, used 47829K [0x0000000080000000, 0x0000000088380000, 0x00000000d5580000)
  object space 134656K, 35% used [0x0000000080000000,0x0000000082eb5640,0x0000000088380000)
 Metaspace       used 87816K, capacity 93374K, committed 93460K, reserved 1130496K
  class space    used 11669K, capacity 12801K, committed 12860K, reserved 1048576K
Event: 1882.359 GC heap after
Heap after GC invocations=20 (full 3):
 PSYoungGen      total 217600K, used 24560K [0x00000000d5580000, 0x00000000e7300000, 0x0000000100000000)
  eden space 193024K, 0% used [0x00000000d5580000,0x00000000d5580000,0x00000000e1200000)
  from space 24576K, 99% used [0x00000000e1200000,0x00000000e29fc1b8,0x00000000e2a00000)
  to   space 34816K, 0% used [0x00000000e5100000,0x00000000e5100000,0x00000000e7300000)
 ParOldGen       total 134656K, used 66492K [0x0000000080000000, 0x0000000088380000, 0x00000000d5580000)
  object space 134656K, 49% used [0x0000000080000000,0x00000000840ef330,0x0000000088380000)
 Metaspace       used 87816K, capacity 93374K, committed 93460K, reserved 1130496K
  class space    used 11669K, capacity 12801K, committed 12860K, reserved 1048576K
}

