# JRE version: OpenJDK Runtime Environment (8.0_242-b01) (build 1.8.0_242-release-1644-b01)
# Java VM: OpenJDK 64-Bit Server VM (25.242-b01 mixed mode windows-amd64 compressed oops)
Heap:
 PSYoungGen      total 250880K, used 47095K [0x00000000d5580000, 0x00000000e8880000, 0x0000000100000000)
  eden space 197632K, 23% used [0x00000000d5580000,0x00000000d837dcb8,0x00000000e1680000)
  from space 53248K, 0% used [0x00000000e5080000,0x00000000e5080000,0x00000000e8480000)
  to   space 58368K, 0% used [0x00000000e1680000,0x00000000e1680000,0x00000000e4f80000)
 ParOldGen       total 152576K, used 65326K [0x0000000080000000, 0x0000000089500000, 0x00000000d5580000)
  object space 152576K, 42% used [0x0000000080000000,0x0000000083fcb9a0,0x0000000089500000)
 Metaspace       used 93757K, capacity 97926K, committed 100184K, reserved 1138688K
  class space    used 12454K, capacity 13282K, committed 13696K, reserved 1048576K
GC Heap History (10 events):
Event: 2647.615 GC heap before
{Heap before GC invocations=16 (full 3):
 PSYoungGen      total 241152K, used 241146K [0x00000000d5580000, 0x00000000e6080000, 0x0000000100000000)
  eden space 217600K, 100% used [0x00000000d5580000,0x00000000e2a00000,0x00000000e2a00000)
  from space 23552K, 99% used [0x00000000e4500000,0x00000000e5bfe900,0x00000000e5c00000)
  to   space 27648K, 0% used [0x00000000e2a00000,0x00000000e2a00000,0x00000000e4500000)
 ParOldGen       total 152576K, used 35284K [0x0000000080000000, 0x0000000089500000, 0x00000000d5580000)
  object space 152576K, 23% used [0x0000000080000000,0x00000000822750c0,0x0000000089500000)
 Metaspace       used 84633K, capacity 89220K, committed 89432K, reserved 1126400K
  class space    used 11388K, capacity 12329K, committed 12416K, reserved 1048576K
Event: 2647.802 GC heap after
Heap after GC invocations=16 (full 3):
 PSYoungGen      total 245248K, used 27626K [0x00000000d5580000, 0x00000000e8c00000, 0x0000000100000000)
  eden space 217600K, 0% used [0x00000000d5580000,0x00000000d5580000,0x00000000e2a00000)
  from space 27648K, 99% used [0x00000000e2a00000,0x00000000e44fa9d8,0x00000000e4500000)
  to   space 35840K, 0% used [0x00000000e6900000,0x00000000e6900000,0x00000000e8c00000)
 ParOldGen       total 152576K, used 45505K [0x0000000080000000, 0x0000000089500000, 0x00000000d5580000)
  object space 152576K, 29% used [0x0000000080000000,0x0000000082c70438,0x0000000089500000)
 Metaspace       used 84633K, capacity 89220K, committed 89432K, reserved 1126400K
  class space    used 11388K, capacity 12329K, committed 12416K, reserved 1048576K
}
Event: 2692.085 GC heap before
{Heap before GC invocations=17 (full 3):
 PSYoungGen      total 245248K, used 245226K [0x00000000d5580000, 0x00000000e8c00000, 0x0000000100000000)
  eden space 217600K, 100% used [0x00000000d5580000,0x00000000e2a00000,0x00000000e2a00000)
  from space 27648K, 99% used [0x00000000e2a00000,0x00000000e44fa9d8,0x00000000e4500000)
  to   space 35840K, 0% used [0x00000000e6900000,0x00000000e6900000,0x00000000e8c00000)
 ParOldGen       total 152576K, used 45505K [0x0000000080000000, 0x0000000089500000, 0x00000000d5580000)
  object space 152576K, 29% used [0x0000000080000000,0x0000000082c70438,0x0000000089500000)
 Metaspace       used 86695K, capacity 91376K, committed 91736K, reserved 1128448K
  class space    used 11576K, capacity 12545K, committed 12672K, reserved 1048576K
Event: 2692.131 GC heap after
Heap after GC invocations=17 (full 3):
 PSYoungGen      total 246272K, used 35818K [0x00000000d5580000, 0x00000000e8c00000, 0x0000000100000000)
  eden space 210432K, 0% used [0x00000000d5580000,0x00000000d5580000,0x00000000e2300000)
  from space 35840K, 99% used [0x00000000e6900000,0x00000000e8bfaa28,0x00000000e8c00000)
  to   space 50176K, 0% used [0x00000000e2a00000,0x00000000e2a00000,0x00000000e5b00000)
 ParOldGen       total 152576K, used 68966K [0x0000000080000000, 0x0000000089500000, 0x00000000d5580000)
  object space 152576K, 45% used [0x0000000080000000,0x0000000084359af0,0x0000000089500000)
 Metaspace       used 86695K, capacity 91376K, committed 91736K, reserved 1128448K
  class space    used 11576K, capacity 12545K, committed 12672K, reserved 1048576K
}
Event: 2732.434 GC heap before
{Heap before GC invocations=18 (full 3):
 PSYoungGen      total 246272K, used 246250K [0x00000000d5580000, 0x00000000e8c00000, 0x0000000100000000)
  eden space 210432K, 100% used [0x00000000d5580000,0x00000000e2300000,0x00000000e2300000)
  from space 35840K, 99% used [0x00000000e6900000,0x00000000e8bfaa28,0x00000000e8c00000)
  to   space 50176K, 0% used [0x00000000e2a00000,0x00000000e2a00000,0x00000000e5b00000)
 ParOldGen       total 152576K, used 68966K [0x0000000080000000, 0x0000000089500000, 0x00000000d5580000)
  object space 152576K, 45% used [0x0000000080000000,0x0000000084359af0,0x0000000089500000)
 Metaspace       used 91899K, capacity 96804K, committed 96984K, reserved 1132544K
  class space    used 12252K, capacity 13205K, committed 13312K, reserved 1048576K
Event: 2732.477 GC heap after
Heap after GC invocations=18 (full 3):
 PSYoungGen      total 240128K, used 36329K [0x00000000d5580000, 0x00000000e8480000, 0x0000000100000000)
  eden space 203776K, 0% used [0x00000000d5580000,0x00000000d5580000,0x00000000e1c80000)
  from space 36352K, 99% used [0x00000000e2a00000,0x00000000e4d7a500,0x00000000e4d80000)
  to   space 53248K, 0% used [0x00000000e5080000,0x00000000e5080000,0x00000000e8480000)
 ParOldGen       total 152576K, used 82177K [0x0000000080000000, 0x0000000089500000, 0x00000000d5580000)
  object space 152576K, 53% used [0x0000000080000000,0x00000000850406f0,0x0000000089500000)
 Metaspace       used 91899K, capacity 96804K, committed 96984K, reserved 1132544K
  class space    used 12252K, capacity 13205K, committed 13312K, reserved 1048576K
}
Event: 2737.457 GC heap before
{Heap before GC invocations=19 (full 3):
 PSYoungGen      total 240128K, used 162872K [0x00000000d5580000, 0x00000000e8480000, 0x0000000100000000)
  eden space 203776K, 62% used [0x00000000d5580000,0x00000000dd113ba8,0x00000000e1c80000)
  from space 36352K, 99% used [0x00000000e2a00000,0x00000000e4d7a500,0x00000000e4d80000)
  to   space 53248K, 0% used [0x00000000e5080000,0x00000000e5080000,0x00000000e8480000)
 ParOldGen       total 152576K, used 82177K [0x0000000080000000, 0x0000000089500000, 0x00000000d5580000)
  object space 152576K, 53% used [0x0000000080000000,0x00000000850406f0,0x0000000089500000)
 Metaspace       used 93040K, capacity 98140K, committed 98280K, reserved 1134592K
  class space    used 12435K, capacity 13440K, committed 13440K, reserved 1048576K
Event: 2737.487 GC heap after
Heap after GC invocations=19 (full 3):
 PSYoungGen      total 250880K, used 44145K [0x00000000d5580000, 0x00000000e8880000, 0x0000000100000000)
  eden space 197632K, 0% used [0x00000000d5580000,0x00000000d5580000,0x00000000e1680000)
  from space 53248K, 82% used [0x00000000e5080000,0x00000000e7b9c6e0,0x00000000e8480000)
  to   space 58368K, 0% used [0x00000000e1680000,0x00000000e1680000,0x00000000e4f80000)
 ParOldGen       total 152576K, used 82185K [0x0000000080000000, 0x0000000089500000, 0x00000000d5580000)
  object space 152576K, 53% used [0x0000000080000000,0x00000000850426f0,0x0000000089500000)
 Metaspace       used 93040K, capacity 98140K, committed 98280K, reserved 1134592K
  class space    used 12435K, capacity 13440K, committed 13440K, reserved 1048576K
}
Event: 2737.488 GC heap before
{Heap before GC invocations=20 (full 4):
 PSYoungGen      total 250880K, used 44145K [0x00000000d5580000, 0x00000000e8880000, 0x0000000100000000)
  eden space 197632K, 0% used [0x00000000d5580000,0x00000000d5580000,0x00000000e1680000)
  from space 53248K, 82% used [0x00000000e5080000,0x00000000e7b9c6e0,0x00000000e8480000)
  to   space 58368K, 0% used [0x00000000e1680000,0x00000000e1680000,0x00000000e4f80000)
 ParOldGen       total 152576K, used 82185K [0x0000000080000000, 0x0000000089500000, 0x00000000d5580000)
  object space 152576K, 53% used [0x0000000080000000,0x00000000850426f0,0x0000000089500000)
 Metaspace       used 93040K, capacity 98140K, committed 98280K, reserved 1134592K
  class space    used 12435K, capacity 13440K, committed 13440K, reserved 1048576K
Event: 2738.117 GC heap after
Heap after GC invocations=20 (full 4):
 PSYoungGen      total 250880K, used 0K [0x00000000d5580000, 0x00000000e8880000, 0x0000000100000000)
  eden space 197632K, 0% used [0x00000000d5580000,0x00000000d5580000,0x00000000e1680000)
  from space 53248K, 0% used [0x00000000e5080000,0x00000000e5080000,0x00000000e8480000)
  to   space 58368K, 0% used [0x00000000e1680000,0x00000000e1680000,0x00000000e4f80000)
 ParOldGen       total 152576K, used 65326K [0x0000000080000000, 0x0000000089500000, 0x00000000d5580000)
  object space 152576K, 42% used [0x0000000080000000,0x0000000083fcb9a0,0x0000000089500000)
 Metaspace       used 91883K, capacity 95774K, committed 98280K, reserved 1134592K
  class space    used 12177K, capacity 12974K, committed 13440K, reserved 1048576K
}

